
*** Running vivado
    with args -log sdcard_led_switch_arbitor_0_3.vds -m64 -product Vivado -mode batch -messageDb vivado.pb -notrace -source sdcard_led_switch_arbitor_0_3.tcl


****** Vivado v2017.1 (64-bit)
  **** SW Build 1846317 on Fri Apr 14 18:55:03 MDT 2017
  **** IP Build 1846188 on Fri Apr 14 20:52:08 MDT 2017
    ** Copyright 1986-2017 Xilinx, Inc. All Rights Reserved.

source sdcard_led_switch_arbitor_0_3.tcl -notrace
Command: synth_design -top sdcard_led_switch_arbitor_0_3 -part xc7z010clg400-1 -mode out_of_context
Starting synth_design
Attempting to get a license for feature 'Synthesis' and/or device 'xc7z010-clg400'
INFO: [Common 17-349] Got license for feature 'Synthesis' and/or device 'xc7z010-clg400'
INFO: Launching helper process for spawning children vivado processes
INFO: Helper process launched with PID 4768 
WARNING: [Synth 8-2507] parameter declaration becomes local in arbitor_v1_0_S00_AXI with formal parameter declaration list [e:/XilinxSdk/verilog-miniproject/vivado/sdcard_led_switch/sdcard_led_switch.srcs/sources_1/bd/sdcard_led_switch/ipshared/c535/hdl/arbitor_v1_0_S00_AXI.v:418]
---------------------------------------------------------------------------------
Starting RTL Elaboration : Time (s): cpu = 00:00:03 ; elapsed = 00:00:03 . Memory (MB): peak = 326.617 ; gain = 90.117
---------------------------------------------------------------------------------
INFO: [Synth 8-638] synthesizing module 'sdcard_led_switch_arbitor_0_3' [e:/XilinxSdk/verilog-miniproject/vivado/sdcard_led_switch/sdcard_led_switch.srcs/sources_1/bd/sdcard_led_switch/ip/sdcard_led_switch_arbitor_0_3/synth/sdcard_led_switch_arbitor_0_3.v:57]
INFO: [Synth 8-638] synthesizing module 'arbitor_v1_0' [e:/XilinxSdk/verilog-miniproject/vivado/sdcard_led_switch/sdcard_led_switch.srcs/sources_1/bd/sdcard_led_switch/ipshared/c535/hdl/arbitor_v1_0.v:4]
	Parameter C_S00_AXI_DATA_WIDTH bound to: 32 - type: integer 
	Parameter C_S00_AXI_ADDR_WIDTH bound to: 4 - type: integer 
INFO: [Synth 8-638] synthesizing module 'arbitor_v1_0_S00_AXI' [e:/XilinxSdk/verilog-miniproject/vivado/sdcard_led_switch/sdcard_led_switch.srcs/sources_1/bd/sdcard_led_switch/ipshared/c535/hdl/arbitor_v1_0_S00_AXI.v:4]
	Parameter C_S_AXI_DATA_WIDTH bound to: 32 - type: integer 
	Parameter C_S_AXI_ADDR_WIDTH bound to: 4 - type: integer 
	Parameter ADDR_LSB bound to: 2 - type: integer 
	Parameter OPT_MEM_ADDR_BITS bound to: 1 - type: integer 
	Parameter STATE_IDLE bound to: 3'b000 
	Parameter STATE_ARBITOR_NONEG2 bound to: 3'b001 
	Parameter STATE_GNT0_NONEG2 bound to: 3'b010 
	Parameter STATE_GNT1_NONEG2 bound to: 3'b011 
	Parameter STATE_ARBITOR_G2 bound to: 3'b100 
	Parameter STATE_GNT0_G2 bound to: 3'b101 
	Parameter STATE_GNT1_G2 bound to: 3'b110 
	Parameter STATE_GNT2_G2 bound to: 3'b111 
INFO: [Synth 8-226] default block is never used [e:/XilinxSdk/verilog-miniproject/vivado/sdcard_led_switch/sdcard_led_switch.srcs/sources_1/bd/sdcard_led_switch/ipshared/c535/hdl/arbitor_v1_0_S00_AXI.v:231]
INFO: [Synth 8-226] default block is never used [e:/XilinxSdk/verilog-miniproject/vivado/sdcard_led_switch/sdcard_led_switch.srcs/sources_1/bd/sdcard_led_switch/ipshared/c535/hdl/arbitor_v1_0_S00_AXI.v:372]
WARNING: [Synth 8-6014] Unused sequential element byte_index was removed.  [e:/XilinxSdk/verilog-miniproject/vivado/sdcard_led_switch/sdcard_led_switch.srcs/sources_1/bd/sdcard_led_switch/ipshared/c535/hdl/arbitor_v1_0_S00_AXI.v:221]
INFO: [Synth 8-256] done synthesizing module 'arbitor_v1_0_S00_AXI' (1#1) [e:/XilinxSdk/verilog-miniproject/vivado/sdcard_led_switch/sdcard_led_switch.srcs/sources_1/bd/sdcard_led_switch/ipshared/c535/hdl/arbitor_v1_0_S00_AXI.v:4]
INFO: [Synth 8-256] done synthesizing module 'arbitor_v1_0' (2#1) [e:/XilinxSdk/verilog-miniproject/vivado/sdcard_led_switch/sdcard_led_switch.srcs/sources_1/bd/sdcard_led_switch/ipshared/c535/hdl/arbitor_v1_0.v:4]
INFO: [Synth 8-256] done synthesizing module 'sdcard_led_switch_arbitor_0_3' (3#1) [e:/XilinxSdk/verilog-miniproject/vivado/sdcard_led_switch/sdcard_led_switch.srcs/sources_1/bd/sdcard_led_switch/ip/sdcard_led_switch_arbitor_0_3/synth/sdcard_led_switch_arbitor_0_3.v:57]
WARNING: [Synth 8-3331] design arbitor_v1_0_S00_AXI has unconnected port S_AXI_AWPROT[2]
WARNING: [Synth 8-3331] design arbitor_v1_0_S00_AXI has unconnected port S_AXI_AWPROT[1]
WARNING: [Synth 8-3331] design arbitor_v1_0_S00_AXI has unconnected port S_AXI_AWPROT[0]
WARNING: [Synth 8-3331] design arbitor_v1_0_S00_AXI has unconnected port S_AXI_ARPROT[2]
WARNING: [Synth 8-3331] design arbitor_v1_0_S00_AXI has unconnected port S_AXI_ARPROT[1]
WARNING: [Synth 8-3331] design arbitor_v1_0_S00_AXI has unconnected port S_AXI_ARPROT[0]
---------------------------------------------------------------------------------
Finished RTL Elaboration : Time (s): cpu = 00:00:04 ; elapsed = 00:00:04 . Memory (MB): peak = 351.414 ; gain = 114.914
---------------------------------------------------------------------------------

Report Check Netlist: 
+------+------------------+-------+---------+-------+------------------+
|      |Item              |Errors |Warnings |Status |Description       |
+------+------------------+-------+---------+-------+------------------+
|1     |multi_driven_nets |      0|        0|Passed |Multi driven nets |
+------+------------------+-------+---------+-------+------------------+
---------------------------------------------------------------------------------
Finished RTL Optimization Phase 1 : Time (s): cpu = 00:00:04 ; elapsed = 00:00:04 . Memory (MB): peak = 351.414 ; gain = 114.914
---------------------------------------------------------------------------------
INFO: [Device 21-403] Loading part xc7z010clg400-1
INFO: [Project 1-570] Preparing netlist for logic optimization

Processing XDC Constraints
Initializing timing engine
Completed Processing XDC Constraints

INFO: [Project 1-111] Unisim Transformation Summary:
No Unisim elements were transformed.

Constraint Validation Runtime : Time (s): cpu = 00:00:00 ; elapsed = 00:00:00.098 . Memory (MB): peak = 651.785 ; gain = 0.000
---------------------------------------------------------------------------------
Finished Constraint Validation : Time (s): cpu = 00:00:11 ; elapsed = 00:00:13 . Memory (MB): peak = 651.785 ; gain = 415.285
---------------------------------------------------------------------------------
---------------------------------------------------------------------------------
Start Loading Part and Timing Information
---------------------------------------------------------------------------------
Loading part: xc7z010clg400-1
---------------------------------------------------------------------------------
Finished Loading Part and Timing Information : Time (s): cpu = 00:00:11 ; elapsed = 00:00:13 . Memory (MB): peak = 651.785 ; gain = 415.285
---------------------------------------------------------------------------------
---------------------------------------------------------------------------------
Start Applying 'set_property' XDC Constraints
---------------------------------------------------------------------------------
---------------------------------------------------------------------------------
Finished applying 'set_property' XDC Constraints : Time (s): cpu = 00:00:11 ; elapsed = 00:00:13 . Memory (MB): peak = 651.785 ; gain = 415.285
---------------------------------------------------------------------------------
INFO: [Synth 8-5544] ROM "granted_req" won't be mapped to Block RAM because address size (3) smaller than threshold (5)
---------------------------------------------------------------------------------
Finished RTL Optimization Phase 2 : Time (s): cpu = 00:00:11 ; elapsed = 00:00:13 . Memory (MB): peak = 651.785 ; gain = 415.285
---------------------------------------------------------------------------------

Report RTL Partitions: 
+-+--------------+------------+----------+
| |RTL Partition |Replication |Instances |
+-+--------------+------------+----------+
+-+--------------+------------+----------+
---------------------------------------------------------------------------------
Start RTL Component Statistics 
---------------------------------------------------------------------------------
Detailed RTL Component Info : 
+---Registers : 
	               32 Bit    Registers := 4     
	                4 Bit    Registers := 2     
	                3 Bit    Registers := 1     
	                2 Bit    Registers := 2     
	                1 Bit    Registers := 6     
+---Muxes : 
	   2 Input     32 Bit        Muxes := 4     
	   4 Input     32 Bit        Muxes := 5     
	   4 Input      3 Bit        Muxes := 2     
	   2 Input      3 Bit        Muxes := 6     
	   2 Input      2 Bit        Muxes := 9     
	   2 Input      1 Bit        Muxes := 6     
	   8 Input      1 Bit        Muxes := 1     
---------------------------------------------------------------------------------
Finished RTL Component Statistics 
---------------------------------------------------------------------------------
---------------------------------------------------------------------------------
Start RTL Hierarchical Component Statistics 
---------------------------------------------------------------------------------
Hierarchical RTL Component report 
Module arbitor_v1_0_S00_AXI 
Detailed RTL Component Info : 
+---Registers : 
	               32 Bit    Registers := 4     
	                4 Bit    Registers := 2     
	                3 Bit    Registers := 1     
	                2 Bit    Registers := 2     
	                1 Bit    Registers := 6     
+---Muxes : 
	   2 Input     32 Bit        Muxes := 4     
	   4 Input     32 Bit        Muxes := 5     
	   4 Input      3 Bit        Muxes := 2     
	   2 Input      3 Bit        Muxes := 6     
	   2 Input      2 Bit        Muxes := 9     
	   2 Input      1 Bit        Muxes := 6     
	   8 Input      1 Bit        Muxes := 1     
---------------------------------------------------------------------------------
Finished RTL Hierarchical Component Statistics
---------------------------------------------------------------------------------
---------------------------------------------------------------------------------
Start Part Resource Summary
---------------------------------------------------------------------------------
Part Resources:
DSPs: 80 (col length:40)
BRAMs: 120 (col length: RAMB18 40 RAMB36 20)
---------------------------------------------------------------------------------
Finished Part Resource Summary
---------------------------------------------------------------------------------
---------------------------------------------------------------------------------
Start Cross Boundary and Area Optimization
---------------------------------------------------------------------------------
WARNING: [Synth 8-3331] design sdcard_led_switch_arbitor_0_3 has unconnected port s00_axi_awprot[2]
WARNING: [Synth 8-3331] design sdcard_led_switch_arbitor_0_3 has unconnected port s00_axi_awprot[1]
WARNING: [Synth 8-3331] design sdcard_led_switch_arbitor_0_3 has unconnected port s00_axi_awprot[0]
WARNING: [Synth 8-3331] design sdcard_led_switch_arbitor_0_3 has unconnected port s00_axi_arprot[2]
WARNING: [Synth 8-3331] design sdcard_led_switch_arbitor_0_3 has unconnected port s00_axi_arprot[1]
WARNING: [Synth 8-3331] design sdcard_led_switch_arbitor_0_3 has unconnected port s00_axi_arprot[0]
INFO: [Synth 8-3886] merging instance 'inst/arbitor_v1_0_S00_AXI_inst/axi_rresp_reg[0]' (FDRE) to 'inst/arbitor_v1_0_S00_AXI_inst/axi_rresp_reg[1]'
INFO: [Synth 8-3333] propagating constant 0 across sequential element (\inst/arbitor_v1_0_S00_AXI_inst/axi_rresp_reg[1] )
INFO: [Synth 8-3886] merging instance 'inst/arbitor_v1_0_S00_AXI_inst/axi_bresp_reg[0]' (FDRE) to 'inst/arbitor_v1_0_S00_AXI_inst/axi_bresp_reg[1]'
INFO: [Synth 8-3333] propagating constant 0 across sequential element (\inst/arbitor_v1_0_S00_AXI_inst/axi_bresp_reg[1] )
INFO: [Synth 8-3332] Sequential element (inst/arbitor_v1_0_S00_AXI_inst/slv_reg1_reg[31]) is unused and will be removed from module sdcard_led_switch_arbitor_0_3.
CRITICAL WARNING: [Synth 8-3352] multi-driven net Q with 1st driver pin 'inst/arbitor_v1_0_S00_AXI_inst/slv_reg1_reg[31]/Q' [e:/XilinxSdk/verilog-miniproject/vivado/sdcard_led_switch/sdcard_led_switch.srcs/sources_1/bd/sdcard_led_switch/ipshared/c535/hdl/arbitor_v1_0_S00_AXI.v:532]
CRITICAL WARNING: [Synth 8-3352] multi-driven net Q with 2nd driver pin 'GND' [e:/XilinxSdk/verilog-miniproject/vivado/sdcard_led_switch/sdcard_led_switch.srcs/sources_1/bd/sdcard_led_switch/ipshared/c535/hdl/arbitor_v1_0_S00_AXI.v:532]
CRITICAL WARNING: [Synth 8-5559] multi-driven net Q is connected to constant driver, other driver is ignored [e:/XilinxSdk/verilog-miniproject/vivado/sdcard_led_switch/sdcard_led_switch.srcs/sources_1/bd/sdcard_led_switch/ipshared/c535/hdl/arbitor_v1_0_S00_AXI.v:532]
INFO: [Synth 8-3332] Sequential element (inst/arbitor_v1_0_S00_AXI_inst/slv_reg1_reg[30]) is unused and will be removed from module sdcard_led_switch_arbitor_0_3.
CRITICAL WARNING: [Synth 8-3352] multi-driven net Q with 1st driver pin 'inst/arbitor_v1_0_S00_AXI_inst/slv_reg1_reg[30]/Q' [e:/XilinxSdk/verilog-miniproject/vivado/sdcard_led_switch/sdcard_led_switch.srcs/sources_1/bd/sdcard_led_switch/ipshared/c535/hdl/arbitor_v1_0_S00_AXI.v:532]
CRITICAL WARNING: [Synth 8-3352] multi-driven net Q with 2nd driver pin 'GND' [e:/XilinxSdk/verilog-miniproject/vivado/sdcard_led_switch/sdcard_led_switch.srcs/sources_1/bd/sdcard_led_switch/ipshared/c535/hdl/arbitor_v1_0_S00_AXI.v:532]
CRITICAL WARNING: [Synth 8-5559] multi-driven net Q is connected to constant driver, other driver is ignored [e:/XilinxSdk/verilog-miniproject/vivado/sdcard_led_switch/sdcard_led_switch.srcs/sources_1/bd/sdcard_led_switch/ipshared/c535/hdl/arbitor_v1_0_S00_AXI.v:532]
INFO: [Synth 8-3332] Sequential element (inst/arbitor_v1_0_S00_AXI_inst/slv_reg1_reg[29]) is unused and will be removed from module sdcard_led_switch_arbitor_0_3.
CRITICAL WARNING: [Synth 8-3352] multi-driven net Q with 1st driver pin 'inst/arbitor_v1_0_S00_AXI_inst/slv_reg1_reg[29]/Q' [e:/XilinxSdk/verilog-miniproject/vivado/sdcard_led_switch/sdcard_led_switch.srcs/sources_1/bd/sdcard_led_switch/ipshared/c535/hdl/arbitor_v1_0_S00_AXI.v:532]
CRITICAL WARNING: [Synth 8-3352] multi-driven net Q with 2nd driver pin 'GND' [e:/XilinxSdk/verilog-miniproject/vivado/sdcard_led_switch/sdcard_led_switch.srcs/sources_1/bd/sdcard_led_switch/ipshared/c535/hdl/arbitor_v1_0_S00_AXI.v:532]
CRITICAL WARNING: [Synth 8-5559] multi-driven net Q is connected to constant driver, other driver is ignored [e:/XilinxSdk/verilog-miniproject/vivado/sdcard_led_switch/sdcard_led_switch.srcs/sources_1/bd/sdcard_led_switch/ipshared/c535/hdl/arbitor_v1_0_S00_AXI.v:532]
INFO: [Synth 8-3332] Sequential element (inst/arbitor_v1_0_S00_AXI_inst/slv_reg1_reg[28]) is unused and will be removed from module sdcard_led_switch_arbitor_0_3.
CRITICAL WARNING: [Synth 8-3352] multi-driven net Q with 1st driver pin 'inst/arbitor_v1_0_S00_AXI_inst/slv_reg1_reg[28]/Q' [e:/XilinxSdk/verilog-miniproject/vivado/sdcard_led_switch/sdcard_led_switch.srcs/sources_1/bd/sdcard_led_switch/ipshared/c535/hdl/arbitor_v1_0_S00_AXI.v:532]
CRITICAL WARNING: [Synth 8-3352] multi-driven net Q with 2nd driver pin 'GND' [e:/XilinxSdk/verilog-miniproject/vivado/sdcard_led_switch/sdcard_led_switch.srcs/sources_1/bd/sdcard_led_switch/ipshared/c535/hdl/arbitor_v1_0_S00_AXI.v:532]
CRITICAL WARNING: [Synth 8-5559] multi-driven net Q is connected to constant driver, other driver is ignored [e:/XilinxSdk/verilog-miniproject/vivado/sdcard_led_switch/sdcard_led_switch.srcs/sources_1/bd/sdcard_led_switch/ipshared/c535/hdl/arbitor_v1_0_S00_AXI.v:532]
INFO: [Synth 8-3332] Sequential element (inst/arbitor_v1_0_S00_AXI_inst/slv_reg1_reg[27]) is unused and will be removed from module sdcard_led_switch_arbitor_0_3.
CRITICAL WARNING: [Synth 8-3352] multi-driven net Q with 1st driver pin 'inst/arbitor_v1_0_S00_AXI_inst/slv_reg1_reg[27]/Q' [e:/XilinxSdk/verilog-miniproject/vivado/sdcard_led_switch/sdcard_led_switch.srcs/sources_1/bd/sdcard_led_switch/ipshared/c535/hdl/arbitor_v1_0_S00_AXI.v:532]
CRITICAL WARNING: [Synth 8-3352] multi-driven net Q with 2nd driver pin 'GND' [e:/XilinxSdk/verilog-miniproject/vivado/sdcard_led_switch/sdcard_led_switch.srcs/sources_1/bd/sdcard_led_switch/ipshared/c535/hdl/arbitor_v1_0_S00_AXI.v:532]
CRITICAL WARNING: [Synth 8-5559] multi-driven net Q is connected to constant driver, other driver is ignored [e:/XilinxSdk/verilog-miniproject/vivado/sdcard_led_switch/sdcard_led_switch.srcs/sources_1/bd/sdcard_led_switch/ipshared/c535/hdl/arbitor_v1_0_S00_AXI.v:532]
INFO: [Synth 8-3332] Sequential element (inst/arbitor_v1_0_S00_AXI_inst/slv_reg1_reg[26]) is unused and will be removed from module sdcard_led_switch_arbitor_0_3.
CRITICAL WARNING: [Synth 8-3352] multi-driven net Q with 1st driver pin 'inst/arbitor_v1_0_S00_AXI_inst/slv_reg1_reg[26]/Q' [e:/XilinxSdk/verilog-miniproject/vivado/sdcard_led_switch/sdcard_led_switch.srcs/sources_1/bd/sdcard_led_switch/ipshared/c535/hdl/arbitor_v1_0_S00_AXI.v:532]
CRITICAL WARNING: [Synth 8-3352] multi-driven net Q with 2nd driver pin 'GND' [e:/XilinxSdk/verilog-miniproject/vivado/sdcard_led_switch/sdcard_led_switch.srcs/sources_1/bd/sdcard_led_switch/ipshared/c535/hdl/arbitor_v1_0_S00_AXI.v:532]
CRITICAL WARNING: [Synth 8-5559] multi-driven net Q is connected to constant driver, other driver is ignored [e:/XilinxSdk/verilog-miniproject/vivado/sdcard_led_switch/sdcard_led_switch.srcs/sources_1/bd/sdcard_led_switch/ipshared/c535/hdl/arbitor_v1_0_S00_AXI.v:532]
INFO: [Synth 8-3332] Sequential element (inst/arbitor_v1_0_S00_AXI_inst/slv_reg1_reg[25]) is unused and will be removed from module sdcard_led_switch_arbitor_0_3.
CRITICAL WARNING: [Synth 8-3352] multi-driven net Q with 1st driver pin 'inst/arbitor_v1_0_S00_AXI_inst/slv_reg1_reg[25]/Q' [e:/XilinxSdk/verilog-miniproject/vivado/sdcard_led_switch/sdcard_led_switch.srcs/sources_1/bd/sdcard_led_switch/ipshared/c535/hdl/arbitor_v1_0_S00_AXI.v:532]
CRITICAL WARNING: [Synth 8-3352] multi-driven net Q with 2nd driver pin 'GND' [e:/XilinxSdk/verilog-miniproject/vivado/sdcard_led_switch/sdcard_led_switch.srcs/sources_1/bd/sdcard_led_switch/ipshared/c535/hdl/arbitor_v1_0_S00_AXI.v:532]
CRITICAL WARNING: [Synth 8-5559] multi-driven net Q is connected to constant driver, other driver is ignored [e:/XilinxSdk/verilog-miniproject/vivado/sdcard_led_switch/sdcard_led_switch.srcs/sources_1/bd/sdcard_led_switch/ipshared/c535/hdl/arbitor_v1_0_S00_AXI.v:532]
INFO: [Synth 8-3332] Sequential element (inst/arbitor_v1_0_S00_AXI_inst/slv_reg1_reg[24]) is unused and will be removed from module sdcard_led_switch_arbitor_0_3.
CRITICAL WARNING: [Synth 8-3352] multi-driven net Q with 1st driver pin 'inst/arbitor_v1_0_S00_AXI_inst/slv_reg1_reg[24]/Q' [e:/XilinxSdk/verilog-miniproject/vivado/sdcard_led_switch/sdcard_led_switch.srcs/sources_1/bd/sdcard_led_switch/ipshared/c535/hdl/arbitor_v1_0_S00_AXI.v:532]
CRITICAL WARNING: [Synth 8-3352] multi-driven net Q with 2nd driver pin 'GND' [e:/XilinxSdk/verilog-miniproject/vivado/sdcard_led_switch/sdcard_led_switch.srcs/sources_1/bd/sdcard_led_switch/ipshared/c535/hdl/arbitor_v1_0_S00_AXI.v:532]
CRITICAL WARNING: [Synth 8-5559] multi-driven net Q is connected to constant driver, other driver is ignored [e:/XilinxSdk/verilog-miniproject/vivado/sdcard_led_switch/sdcard_led_switch.srcs/sources_1/bd/sdcard_led_switch/ipshared/c535/hdl/arbitor_v1_0_S00_AXI.v:532]
INFO: [Synth 8-3332] Sequential element (inst/arbitor_v1_0_S00_AXI_inst/slv_reg1_reg[23]) is unused and will be removed from module sdcard_led_switch_arbitor_0_3.
CRITICAL WARNING: [Synth 8-3352] multi-driven net Q with 1st driver pin 'inst/arbitor_v1_0_S00_AXI_inst/slv_reg1_reg[23]/Q' [e:/XilinxSdk/verilog-miniproject/vivado/sdcard_led_switch/sdcard_led_switch.srcs/sources_1/bd/sdcard_led_switch/ipshared/c535/hdl/arbitor_v1_0_S00_AXI.v:532]
CRITICAL WARNING: [Synth 8-3352] multi-driven net Q with 2nd driver pin 'GND' [e:/XilinxSdk/verilog-miniproject/vivado/sdcard_led_switch/sdcard_led_switch.srcs/sources_1/bd/sdcard_led_switch/ipshared/c535/hdl/arbitor_v1_0_S00_AXI.v:532]
CRITICAL WARNING: [Synth 8-5559] multi-driven net Q is connected to constant driver, other driver is ignored [e:/XilinxSdk/verilog-miniproject/vivado/sdcard_led_switch/sdcard_led_switch.srcs/sources_1/bd/sdcard_led_switch/ipshared/c535/hdl/arbitor_v1_0_S00_AXI.v:532]
INFO: [Synth 8-3332] Sequential element (inst/arbitor_v1_0_S00_AXI_inst/slv_reg1_reg[22]) is unused and will be removed from module sdcard_led_switch_arbitor_0_3.
CRITICAL WARNING: [Synth 8-3352] multi-driven net Q with 1st driver pin 'inst/arbitor_v1_0_S00_AXI_inst/slv_reg1_reg[22]/Q' [e:/XilinxSdk/verilog-miniproject/vivado/sdcard_led_switch/sdcard_led_switch.srcs/sources_1/bd/sdcard_led_switch/ipshared/c535/hdl/arbitor_v1_0_S00_AXI.v:532]
CRITICAL WARNING: [Synth 8-3352] multi-driven net Q with 2nd driver pin 'GND' [e:/XilinxSdk/verilog-miniproject/vivado/sdcard_led_switch/sdcard_led_switch.srcs/sources_1/bd/sdcard_led_switch/ipshared/c535/hdl/arbitor_v1_0_S00_AXI.v:532]
CRITICAL WARNING: [Synth 8-5559] multi-driven net Q is connected to constant driver, other driver is ignored [e:/XilinxSdk/verilog-miniproject/vivado/sdcard_led_switch/sdcard_led_switch.srcs/sources_1/bd/sdcard_led_switch/ipshared/c535/hdl/arbitor_v1_0_S00_AXI.v:532]
INFO: [Synth 8-3332] Sequential element (inst/arbitor_v1_0_S00_AXI_inst/slv_reg1_reg[21]) is unused and will be removed from module sdcard_led_switch_arbitor_0_3.
CRITICAL WARNING: [Synth 8-3352] multi-driven net Q with 1st driver pin 'inst/arbitor_v1_0_S00_AXI_inst/slv_reg1_reg[21]/Q' [e:/XilinxSdk/verilog-miniproject/vivado/sdcard_led_switch/sdcard_led_switch.srcs/sources_1/bd/sdcard_led_switch/ipshared/c535/hdl/arbitor_v1_0_S00_AXI.v:532]
CRITICAL WARNING: [Synth 8-3352] multi-driven net Q with 2nd driver pin 'GND' [e:/XilinxSdk/verilog-miniproject/vivado/sdcard_led_switch/sdcard_led_switch.srcs/sources_1/bd/sdcard_led_switch/ipshared/c535/hdl/arbitor_v1_0_S00_AXI.v:532]
CRITICAL WARNING: [Synth 8-5559] multi-driven net Q is connected to constant driver, other driver is ignored [e:/XilinxSdk/verilog-miniproject/vivado/sdcard_led_switch/sdcard_led_switch.srcs/sources_1/bd/sdcard_led_switch/ipshared/c535/hdl/arbitor_v1_0_S00_AXI.v:532]
INFO: [Synth 8-3332] Sequential element (inst/arbitor_v1_0_S00_AXI_inst/slv_reg1_reg[20]) is unused and will be removed from module sdcard_led_switch_arbitor_0_3.
CRITICAL WARNING: [Synth 8-3352] multi-driven net Q with 1st driver pin 'inst/arbitor_v1_0_S00_AXI_inst/slv_reg1_reg[20]/Q' [e:/XilinxSdk/verilog-miniproject/vivado/sdcard_led_switch/sdcard_led_switch.srcs/sources_1/bd/sdcard_led_switch/ipshared/c535/hdl/arbitor_v1_0_S00_AXI.v:532]
CRITICAL WARNING: [Synth 8-3352] multi-driven net Q with 2nd driver pin 'GND' [e:/XilinxSdk/verilog-miniproject/vivado/sdcard_led_switch/sdcard_led_switch.srcs/sources_1/bd/sdcard_led_switch/ipshared/c535/hdl/arbitor_v1_0_S00_AXI.v:532]
CRITICAL WARNING: [Synth 8-5559] multi-driven net Q is connected to constant driver, other driver is ignored [e:/XilinxSdk/verilog-miniproject/vivado/sdcard_led_switch/sdcard_led_switch.srcs/sources_1/bd/sdcard_led_switch/ipshared/c535/hdl/arbitor_v1_0_S00_AXI.v:532]
INFO: [Synth 8-3332] Sequential element (inst/arbitor_v1_0_S00_AXI_inst/slv_reg1_reg[19]) is unused and will be removed from module sdcard_led_switch_arbitor_0_3.
CRITICAL WARNING: [Synth 8-3352] multi-driven net Q with 1st driver pin 'inst/arbitor_v1_0_S00_AXI_inst/slv_reg1_reg[19]/Q' [e:/XilinxSdk/verilog-miniproject/vivado/sdcard_led_switch/sdcard_led_switch.srcs/sources_1/bd/sdcard_led_switch/ipshared/c535/hdl/arbitor_v1_0_S00_AXI.v:532]
CRITICAL WARNING: [Synth 8-3352] multi-driven net Q with 2nd driver pin 'GND' [e:/XilinxSdk/verilog-miniproject/vivado/sdcard_led_switch/sdcard_led_switch.srcs/sources_1/bd/sdcard_led_switch/ipshared/c535/hdl/arbitor_v1_0_S00_AXI.v:532]
CRITICAL WARNING: [Synth 8-5559] multi-driven net Q is connected to constant driver, other driver is ignored [e:/XilinxSdk/verilog-miniproject/vivado/sdcard_led_switch/sdcard_led_switch.srcs/sources_1/bd/sdcard_led_switch/ipshared/c535/hdl/arbitor_v1_0_S00_AXI.v:532]
INFO: [Synth 8-3332] Sequential element (inst/arbitor_v1_0_S00_AXI_inst/slv_reg1_reg[18]) is unused and will be removed from module sdcard_led_switch_arbitor_0_3.
CRITICAL WARNING: [Synth 8-3352] multi-driven net Q with 1st driver pin 'inst/arbitor_v1_0_S00_AXI_inst/slv_reg1_reg[18]/Q' [e:/XilinxSdk/verilog-miniproject/vivado/sdcard_led_switch/sdcard_led_switch.srcs/sources_1/bd/sdcard_led_switch/ipshared/c535/hdl/arbitor_v1_0_S00_AXI.v:532]
CRITICAL WARNING: [Synth 8-3352] multi-driven net Q with 2nd driver pin 'GND' [e:/XilinxSdk/verilog-miniproject/vivado/sdcard_led_switch/sdcard_led_switch.srcs/sources_1/bd/sdcard_led_switch/ipshared/c535/hdl/arbitor_v1_0_S00_AXI.v:532]
CRITICAL WARNING: [Synth 8-5559] multi-driven net Q is connected to constant driver, other driver is ignored [e:/XilinxSdk/verilog-miniproject/vivado/sdcard_led_switch/sdcard_led_switch.srcs/sources_1/bd/sdcard_led_switch/ipshared/c535/hdl/arbitor_v1_0_S00_AXI.v:532]
INFO: [Synth 8-3332] Sequential element (inst/arbitor_v1_0_S00_AXI_inst/slv_reg1_reg[17]) is unused and will be removed from module sdcard_led_switch_arbitor_0_3.
CRITICAL WARNING: [Synth 8-3352] multi-driven net Q with 1st driver pin 'inst/arbitor_v1_0_S00_AXI_inst/slv_reg1_reg[17]/Q' [e:/XilinxSdk/verilog-miniproject/vivado/sdcard_led_switch/sdcard_led_switch.srcs/sources_1/bd/sdcard_led_switch/ipshared/c535/hdl/arbitor_v1_0_S00_AXI.v:532]
CRITICAL WARNING: [Synth 8-3352] multi-driven net Q with 2nd driver pin 'GND' [e:/XilinxSdk/verilog-miniproject/vivado/sdcard_led_switch/sdcard_led_switch.srcs/sources_1/bd/sdcard_led_switch/ipshared/c535/hdl/arbitor_v1_0_S00_AXI.v:532]
CRITICAL WARNING: [Synth 8-5559] multi-driven net Q is connected to constant driver, other driver is ignored [e:/XilinxSdk/verilog-miniproject/vivado/sdcard_led_switch/sdcard_led_switch.srcs/sources_1/bd/sdcard_led_switch/ipshared/c535/hdl/arbitor_v1_0_S00_AXI.v:532]
INFO: [Synth 8-3332] Sequential element (inst/arbitor_v1_0_S00_AXI_inst/slv_reg1_reg[16]) is unused and will be removed from module sdcard_led_switch_arbitor_0_3.
CRITICAL WARNING: [Synth 8-3352] multi-driven net Q with 1st driver pin 'inst/arbitor_v1_0_S00_AXI_inst/slv_reg1_reg[16]/Q' [e:/XilinxSdk/verilog-miniproject/vivado/sdcard_led_switch/sdcard_led_switch.srcs/sources_1/bd/sdcard_led_switch/ipshared/c535/hdl/arbitor_v1_0_S00_AXI.v:532]
CRITICAL WARNING: [Synth 8-3352] multi-driven net Q with 2nd driver pin 'GND' [e:/XilinxSdk/verilog-miniproject/vivado/sdcard_led_switch/sdcard_led_switch.srcs/sources_1/bd/sdcard_led_switch/ipshared/c535/hdl/arbitor_v1_0_S00_AXI.v:532]
CRITICAL WARNING: [Synth 8-5559] multi-driven net Q is connected to constant driver, other driver is ignored [e:/XilinxSdk/verilog-miniproject/vivado/sdcard_led_switch/sdcard_led_switch.srcs/sources_1/bd/sdcard_led_switch/ipshared/c535/hdl/arbitor_v1_0_S00_AXI.v:532]
INFO: [Synth 8-3332] Sequential element (inst/arbitor_v1_0_S00_AXI_inst/slv_reg1_reg[15]) is unused and will be removed from module sdcard_led_switch_arbitor_0_3.
CRITICAL WARNING: [Synth 8-3352] multi-driven net Q with 1st driver pin 'inst/arbitor_v1_0_S00_AXI_inst/slv_reg1_reg[15]/Q' [e:/XilinxSdk/verilog-miniproject/vivado/sdcard_led_switch/sdcard_led_switch.srcs/sources_1/bd/sdcard_led_switch/ipshared/c535/hdl/arbitor_v1_0_S00_AXI.v:532]
CRITICAL WARNING: [Synth 8-3352] multi-driven net Q with 2nd driver pin 'GND' [e:/XilinxSdk/verilog-miniproject/vivado/sdcard_led_switch/sdcard_led_switch.srcs/sources_1/bd/sdcard_led_switch/ipshared/c535/hdl/arbitor_v1_0_S00_AXI.v:532]
CRITICAL WARNING: [Synth 8-5559] multi-driven net Q is connected to constant driver, other driver is ignored [e:/XilinxSdk/verilog-miniproject/vivado/sdcard_led_switch/sdcard_led_switch.srcs/sources_1/bd/sdcard_led_switch/ipshared/c535/hdl/arbitor_v1_0_S00_AXI.v:532]
INFO: [Synth 8-3332] Sequential element (inst/arbitor_v1_0_S00_AXI_inst/slv_reg1_reg[14]) is unused and will be removed from module sdcard_led_switch_arbitor_0_3.
CRITICAL WARNING: [Synth 8-3352] multi-driven net Q with 1st driver pin 'inst/arbitor_v1_0_S00_AXI_inst/slv_reg1_reg[14]/Q' [e:/XilinxSdk/verilog-miniproject/vivado/sdcard_led_switch/sdcard_led_switch.srcs/sources_1/bd/sdcard_led_switch/ipshared/c535/hdl/arbitor_v1_0_S00_AXI.v:532]
CRITICAL WARNING: [Synth 8-3352] multi-driven net Q with 2nd driver pin 'GND' [e:/XilinxSdk/verilog-miniproject/vivado/sdcard_led_switch/sdcard_led_switch.srcs/sources_1/bd/sdcard_led_switch/ipshared/c535/hdl/arbitor_v1_0_S00_AXI.v:532]
CRITICAL WARNING: [Synth 8-5559] multi-driven net Q is connected to constant driver, other driver is ignored [e:/XilinxSdk/verilog-miniproject/vivado/sdcard_led_switch/sdcard_led_switch.srcs/sources_1/bd/sdcard_led_switch/ipshared/c535/hdl/arbitor_v1_0_S00_AXI.v:532]
INFO: [Synth 8-3332] Sequential element (inst/arbitor_v1_0_S00_AXI_inst/slv_reg1_reg[13]) is unused and will be removed from module sdcard_led_switch_arbitor_0_3.
CRITICAL WARNING: [Synth 8-3352] multi-driven net Q with 1st driver pin 'inst/arbitor_v1_0_S00_AXI_inst/slv_reg1_reg[13]/Q' [e:/XilinxSdk/verilog-miniproject/vivado/sdcard_led_switch/sdcard_led_switch.srcs/sources_1/bd/sdcard_led_switch/ipshared/c535/hdl/arbitor_v1_0_S00_AXI.v:532]
CRITICAL WARNING: [Synth 8-3352] multi-driven net Q with 2nd driver pin 'GND' [e:/XilinxSdk/verilog-miniproject/vivado/sdcard_led_switch/sdcard_led_switch.srcs/sources_1/bd/sdcard_led_switch/ipshared/c535/hdl/arbitor_v1_0_S00_AXI.v:532]
CRITICAL WARNING: [Synth 8-5559] multi-driven net Q is connected to constant driver, other driver is ignored [e:/XilinxSdk/verilog-miniproject/vivado/sdcard_led_switch/sdcard_led_switch.srcs/sources_1/bd/sdcard_led_switch/ipshared/c535/hdl/arbitor_v1_0_S00_AXI.v:532]
INFO: [Synth 8-3332] Sequential element (inst/arbitor_v1_0_S00_AXI_inst/slv_reg1_reg[12]) is unused and will be removed from module sdcard_led_switch_arbitor_0_3.
CRITICAL WARNING: [Synth 8-3352] multi-driven net Q with 1st driver pin 'inst/arbitor_v1_0_S00_AXI_inst/slv_reg1_reg[12]/Q' [e:/XilinxSdk/verilog-miniproject/vivado/sdcard_led_switch/sdcard_led_switch.srcs/sources_1/bd/sdcard_led_switch/ipshared/c535/hdl/arbitor_v1_0_S00_AXI.v:532]
CRITICAL WARNING: [Synth 8-3352] multi-driven net Q with 2nd driver pin 'GND' [e:/XilinxSdk/verilog-miniproject/vivado/sdcard_led_switch/sdcard_led_switch.srcs/sources_1/bd/sdcard_led_switch/ipshared/c535/hdl/arbitor_v1_0_S00_AXI.v:532]
CRITICAL WARNING: [Synth 8-5559] multi-driven net Q is connected to constant driver, other driver is ignored [e:/XilinxSdk/verilog-miniproject/vivado/sdcard_led_switch/sdcard_led_switch.srcs/sources_1/bd/sdcard_led_switch/ipshared/c535/hdl/arbitor_v1_0_S00_AXI.v:532]
INFO: [Synth 8-3332] Sequential element (inst/arbitor_v1_0_S00_AXI_inst/slv_reg1_reg[11]) is unused and will be removed from module sdcard_led_switch_arbitor_0_3.
CRITICAL WARNING: [Synth 8-3352] multi-driven net Q with 1st driver pin 'inst/arbitor_v1_0_S00_AXI_inst/slv_reg1_reg[11]/Q' [e:/XilinxSdk/verilog-miniproject/vivado/sdcard_led_switch/sdcard_led_switch.srcs/sources_1/bd/sdcard_led_switch/ipshared/c535/hdl/arbitor_v1_0_S00_AXI.v:532]
CRITICAL WARNING: [Synth 8-3352] multi-driven net Q with 2nd driver pin 'GND' [e:/XilinxSdk/verilog-miniproject/vivado/sdcard_led_switch/sdcard_led_switch.srcs/sources_1/bd/sdcard_led_switch/ipshared/c535/hdl/arbitor_v1_0_S00_AXI.v:532]
CRITICAL WARNING: [Synth 8-5559] multi-driven net Q is connected to constant driver, other driver is ignored [e:/XilinxSdk/verilog-miniproject/vivado/sdcard_led_switch/sdcard_led_switch.srcs/sources_1/bd/sdcard_led_switch/ipshared/c535/hdl/arbitor_v1_0_S00_AXI.v:532]
INFO: [Synth 8-3332] Sequential element (inst/arbitor_v1_0_S00_AXI_inst/slv_reg1_reg[10]) is unused and will be removed from module sdcard_led_switch_arbitor_0_3.
CRITICAL WARNING: [Synth 8-3352] multi-driven net Q with 1st driver pin 'inst/arbitor_v1_0_S00_AXI_inst/slv_reg1_reg[10]/Q' [e:/XilinxSdk/verilog-miniproject/vivado/sdcard_led_switch/sdcard_led_switch.srcs/sources_1/bd/sdcard_led_switch/ipshared/c535/hdl/arbitor_v1_0_S00_AXI.v:532]
CRITICAL WARNING: [Synth 8-3352] multi-driven net Q with 2nd driver pin 'GND' [e:/XilinxSdk/verilog-miniproject/vivado/sdcard_led_switch/sdcard_led_switch.srcs/sources_1/bd/sdcard_led_switch/ipshared/c535/hdl/arbitor_v1_0_S00_AXI.v:532]
CRITICAL WARNING: [Synth 8-5559] multi-driven net Q is connected to constant driver, other driver is ignored [e:/XilinxSdk/verilog-miniproject/vivado/sdcard_led_switch/sdcard_led_switch.srcs/sources_1/bd/sdcard_led_switch/ipshared/c535/hdl/arbitor_v1_0_S00_AXI.v:532]
INFO: [Synth 8-3332] Sequential element (inst/arbitor_v1_0_S00_AXI_inst/slv_reg1_reg[9]) is unused and will be removed from module sdcard_led_switch_arbitor_0_3.
CRITICAL WARNING: [Synth 8-3352] multi-driven net Q with 1st driver pin 'inst/arbitor_v1_0_S00_AXI_inst/slv_reg1_reg[9]/Q' [e:/XilinxSdk/verilog-miniproject/vivado/sdcard_led_switch/sdcard_led_switch.srcs/sources_1/bd/sdcard_led_switch/ipshared/c535/hdl/arbitor_v1_0_S00_AXI.v:532]
CRITICAL WARNING: [Synth 8-3352] multi-driven net Q with 2nd driver pin 'GND' [e:/XilinxSdk/verilog-miniproject/vivado/sdcard_led_switch/sdcard_led_switch.srcs/sources_1/bd/sdcard_led_switch/ipshared/c535/hdl/arbitor_v1_0_S00_AXI.v:532]
CRITICAL WARNING: [Synth 8-5559] multi-driven net Q is connected to constant driver, other driver is ignored [e:/XilinxSdk/verilog-miniproject/vivado/sdcard_led_switch/sdcard_led_switch.srcs/sources_1/bd/sdcard_led_switch/ipshared/c535/hdl/arbitor_v1_0_S00_AXI.v:532]
INFO: [Synth 8-3332] Sequential element (inst/arbitor_v1_0_S00_AXI_inst/slv_reg1_reg[8]) is unused and will be removed from module sdcard_led_switch_arbitor_0_3.
CRITICAL WARNING: [Synth 8-3352] multi-driven net Q with 1st driver pin 'inst/arbitor_v1_0_S00_AXI_inst/slv_reg1_reg[8]/Q' [e:/XilinxSdk/verilog-miniproject/vivado/sdcard_led_switch/sdcard_led_switch.srcs/sources_1/bd/sdcard_led_switch/ipshared/c535/hdl/arbitor_v1_0_S00_AXI.v:532]
CRITICAL WARNING: [Synth 8-3352] multi-driven net Q with 2nd driver pin 'GND' [e:/XilinxSdk/verilog-miniproject/vivado/sdcard_led_switch/sdcard_led_switch.srcs/sources_1/bd/sdcard_led_switch/ipshared/c535/hdl/arbitor_v1_0_S00_AXI.v:532]
CRITICAL WARNING: [Synth 8-5559] multi-driven net Q is connected to constant driver, other driver is ignored [e:/XilinxSdk/verilog-miniproject/vivado/sdcard_led_switch/sdcard_led_switch.srcs/sources_1/bd/sdcard_led_switch/ipshared/c535/hdl/arbitor_v1_0_S00_AXI.v:532]
INFO: [Synth 8-3332] Sequential element (inst/arbitor_v1_0_S00_AXI_inst/slv_reg1_reg[7]) is unused and will be removed from module sdcard_led_switch_arbitor_0_3.
CRITICAL WARNING: [Synth 8-3352] multi-driven net Q with 1st driver pin 'inst/arbitor_v1_0_S00_AXI_inst/slv_reg1_reg[7]/Q' [e:/XilinxSdk/verilog-miniproject/vivado/sdcard_led_switch/sdcard_led_switch.srcs/sources_1/bd/sdcard_led_switch/ipshared/c535/hdl/arbitor_v1_0_S00_AXI.v:532]
CRITICAL WARNING: [Synth 8-3352] multi-driven net Q with 2nd driver pin 'GND' [e:/XilinxSdk/verilog-miniproject/vivado/sdcard_led_switch/sdcard_led_switch.srcs/sources_1/bd/sdcard_led_switch/ipshared/c535/hdl/arbitor_v1_0_S00_AXI.v:532]
CRITICAL WARNING: [Synth 8-5559] multi-driven net Q is connected to constant driver, other driver is ignored [e:/XilinxSdk/verilog-miniproject/vivado/sdcard_led_switch/sdcard_led_switch.srcs/sources_1/bd/sdcard_led_switch/ipshared/c535/hdl/arbitor_v1_0_S00_AXI.v:532]
INFO: [Synth 8-3332] Sequential element (inst/arbitor_v1_0_S00_AXI_inst/slv_reg1_reg[6]) is unused and will be removed from module sdcard_led_switch_arbitor_0_3.
CRITICAL WARNING: [Synth 8-3352] multi-driven net Q with 1st driver pin 'inst/arbitor_v1_0_S00_AXI_inst/slv_reg1_reg[6]/Q' [e:/XilinxSdk/verilog-miniproject/vivado/sdcard_led_switch/sdcard_led_switch.srcs/sources_1/bd/sdcard_led_switch/ipshared/c535/hdl/arbitor_v1_0_S00_AXI.v:532]
CRITICAL WARNING: [Synth 8-3352] multi-driven net Q with 2nd driver pin 'GND' [e:/XilinxSdk/verilog-miniproject/vivado/sdcard_led_switch/sdcard_led_switch.srcs/sources_1/bd/sdcard_led_switch/ipshared/c535/hdl/arbitor_v1_0_S00_AXI.v:532]
CRITICAL WARNING: [Synth 8-5559] multi-driven net Q is connected to constant driver, other driver is ignored [e:/XilinxSdk/verilog-miniproject/vivado/sdcard_led_switch/sdcard_led_switch.srcs/sources_1/bd/sdcard_led_switch/ipshared/c535/hdl/arbitor_v1_0_S00_AXI.v:532]
INFO: [Synth 8-3332] Sequential element (inst/arbitor_v1_0_S00_AXI_inst/slv_reg1_reg[5]) is unused and will be removed from module sdcard_led_switch_arbitor_0_3.
CRITICAL WARNING: [Synth 8-3352] multi-driven net Q with 1st driver pin 'inst/arbitor_v1_0_S00_AXI_inst/slv_reg1_reg[5]/Q' [e:/XilinxSdk/verilog-miniproject/vivado/sdcard_led_switch/sdcard_led_switch.srcs/sources_1/bd/sdcard_led_switch/ipshared/c535/hdl/arbitor_v1_0_S00_AXI.v:532]
CRITICAL WARNING: [Synth 8-3352] multi-driven net Q with 2nd driver pin 'GND' [e:/XilinxSdk/verilog-miniproject/vivado/sdcard_led_switch/sdcard_led_switch.srcs/sources_1/bd/sdcard_led_switch/ipshared/c535/hdl/arbitor_v1_0_S00_AXI.v:532]
CRITICAL WARNING: [Synth 8-5559] multi-driven net Q is connected to constant driver, other driver is ignored [e:/XilinxSdk/verilog-miniproject/vivado/sdcard_led_switch/sdcard_led_switch.srcs/sources_1/bd/sdcard_led_switch/ipshared/c535/hdl/arbitor_v1_0_S00_AXI.v:532]
INFO: [Synth 8-3332] Sequential element (inst/arbitor_v1_0_S00_AXI_inst/slv_reg1_reg[4]) is unused and will be removed from module sdcard_led_switch_arbitor_0_3.
CRITICAL WARNING: [Synth 8-3352] multi-driven net Q with 1st driver pin 'inst/arbitor_v1_0_S00_AXI_inst/slv_reg1_reg[4]/Q' [e:/XilinxSdk/verilog-miniproject/vivado/sdcard_led_switch/sdcard_led_switch.srcs/sources_1/bd/sdcard_led_switch/ipshared/c535/hdl/arbitor_v1_0_S00_AXI.v:532]
CRITICAL WARNING: [Synth 8-3352] multi-driven net Q with 2nd driver pin 'GND' [e:/XilinxSdk/verilog-miniproject/vivado/sdcard_led_switch/sdcard_led_switch.srcs/sources_1/bd/sdcard_led_switch/ipshared/c535/hdl/arbitor_v1_0_S00_AXI.v:532]
CRITICAL WARNING: [Synth 8-5559] multi-driven net Q is connected to constant driver, other driver is ignored [e:/XilinxSdk/verilog-miniproject/vivado/sdcard_led_switch/sdcard_led_switch.srcs/sources_1/bd/sdcard_led_switch/ipshared/c535/hdl/arbitor_v1_0_S00_AXI.v:532]
INFO: [Synth 8-3332] Sequential element (inst/arbitor_v1_0_S00_AXI_inst/slv_reg1_reg[3]) is unused and will be removed from module sdcard_led_switch_arbitor_0_3.
CRITICAL WARNING: [Synth 8-3352] multi-driven net Q with 1st driver pin 'inst/arbitor_v1_0_S00_AXI_inst/slv_reg1_reg[3]/Q' [e:/XilinxSdk/verilog-miniproject/vivado/sdcard_led_switch/sdcard_led_switch.srcs/sources_1/bd/sdcard_led_switch/ipshared/c535/hdl/arbitor_v1_0_S00_AXI.v:532]
CRITICAL WARNING: [Synth 8-3352] multi-driven net Q with 2nd driver pin 'GND' [e:/XilinxSdk/verilog-miniproject/vivado/sdcard_led_switch/sdcard_led_switch.srcs/sources_1/bd/sdcard_led_switch/ipshared/c535/hdl/arbitor_v1_0_S00_AXI.v:532]
CRITICAL WARNING: [Synth 8-5559] multi-driven net Q is connected to constant driver, other driver is ignored [e:/XilinxSdk/verilog-miniproject/vivado/sdcard_led_switch/sdcard_led_switch.srcs/sources_1/bd/sdcard_led_switch/ipshared/c535/hdl/arbitor_v1_0_S00_AXI.v:532]
INFO: [Synth 8-3332] Sequential element (inst/arbitor_v1_0_S00_AXI_inst/slv_reg1_reg[31]__0) is unused and will be removed from module sdcard_led_switch_arbitor_0_3.
INFO: [Synth 8-3332] Sequential element (inst/arbitor_v1_0_S00_AXI_inst/slv_reg1_reg[30]__0) is unused and will be removed from module sdcard_led_switch_arbitor_0_3.
INFO: [Synth 8-3332] Sequential element (inst/arbitor_v1_0_S00_AXI_inst/slv_reg1_reg[29]__0) is unused and will be removed from module sdcard_led_switch_arbitor_0_3.
INFO: [Synth 8-3332] Sequential element (inst/arbitor_v1_0_S00_AXI_inst/slv_reg1_reg[28]__0) is unused and will be removed from module sdcard_led_switch_arbitor_0_3.
INFO: [Synth 8-3332] Sequential element (inst/arbitor_v1_0_S00_AXI_inst/slv_reg1_reg[27]__0) is unused and will be removed from module sdcard_led_switch_arbitor_0_3.
INFO: [Synth 8-3332] Sequential element (inst/arbitor_v1_0_S00_AXI_inst/slv_reg1_reg[26]__0) is unused and will be removed from module sdcard_led_switch_arbitor_0_3.
INFO: [Synth 8-3332] Sequential element (inst/arbitor_v1_0_S00_AXI_inst/slv_reg1_reg[25]__0) is unused and will be removed from module sdcard_led_switch_arbitor_0_3.
INFO: [Synth 8-3332] Sequential element (inst/arbitor_v1_0_S00_AXI_inst/slv_reg1_reg[24]__0) is unused and will be removed from module sdcard_led_switch_arbitor_0_3.
INFO: [Synth 8-3332] Sequential element (inst/arbitor_v1_0_S00_AXI_inst/slv_reg1_reg[23]__0) is unused and will be removed from module sdcard_led_switch_arbitor_0_3.
INFO: [Synth 8-3332] Sequential element (inst/arbitor_v1_0_S00_AXI_inst/slv_reg1_reg[22]__0) is unused and will be removed from module sdcard_led_switch_arbitor_0_3.
INFO: [Synth 8-3332] Sequential element (inst/arbitor_v1_0_S00_AXI_inst/slv_reg1_reg[21]__0) is unused and will be removed from module sdcard_led_switch_arbitor_0_3.
INFO: [Synth 8-3332] Sequential element (inst/arbitor_v1_0_S00_AXI_inst/slv_reg1_reg[20]__0) is unused and will be removed from module sdcard_led_switch_arbitor_0_3.
INFO: [Synth 8-3332] Sequential element (inst/arbitor_v1_0_S00_AXI_inst/slv_reg1_reg[19]__0) is unused and will be removed from module sdcard_led_switch_arbitor_0_3.
INFO: [Synth 8-3332] Sequential element (inst/arbitor_v1_0_S00_AXI_inst/slv_reg1_reg[18]__0) is unused and will be removed from module sdcard_led_switch_arbitor_0_3.
INFO: [Synth 8-3332] Sequential element (inst/arbitor_v1_0_S00_AXI_inst/slv_reg1_reg[17]__0) is unused and will be removed from module sdcard_led_switch_arbitor_0_3.
INFO: [Synth 8-3332] Sequential element (inst/arbitor_v1_0_S00_AXI_inst/slv_reg1_reg[16]__0) is unused and will be removed from module sdcard_led_switch_arbitor_0_3.
INFO: [Synth 8-3332] Sequential element (inst/arbitor_v1_0_S00_AXI_inst/slv_reg1_reg[15]__0) is unused and will be removed from module sdcard_led_switch_arbitor_0_3.
INFO: [Synth 8-3332] Sequential element (inst/arbitor_v1_0_S00_AXI_inst/slv_reg1_reg[14]__0) is unused and will be removed from module sdcard_led_switch_arbitor_0_3.
INFO: [Synth 8-3332] Sequential element (inst/arbitor_v1_0_S00_AXI_inst/slv_reg1_reg[13]__0) is unused and will be removed from module sdcard_led_switch_arbitor_0_3.
INFO: [Synth 8-3332] Sequential element (inst/arbitor_v1_0_S00_AXI_inst/slv_reg1_reg[12]__0) is unused and will be removed from module sdcard_led_switch_arbitor_0_3.
INFO: [Synth 8-3332] Sequential element (inst/arbitor_v1_0_S00_AXI_inst/slv_reg1_reg[11]__0) is unused and will be removed from module sdcard_led_switch_arbitor_0_3.
INFO: [Synth 8-3332] Sequential element (inst/arbitor_v1_0_S00_AXI_inst/slv_reg1_reg[10]__0) is unused and will be removed from module sdcard_led_switch_arbitor_0_3.
INFO: [Synth 8-3332] Sequential element (inst/arbitor_v1_0_S00_AXI_inst/slv_reg1_reg[9]__0) is unused and will be removed from module sdcard_led_switch_arbitor_0_3.
INFO: [Synth 8-3332] Sequential element (inst/arbitor_v1_0_S00_AXI_inst/slv_reg1_reg[8]__0) is unused and will be removed from module sdcard_led_switch_arbitor_0_3.
INFO: [Synth 8-3332] Sequential element (inst/arbitor_v1_0_S00_AXI_inst/slv_reg1_reg[7]__0) is unused and will be removed from module sdcard_led_switch_arbitor_0_3.
INFO: [Synth 8-3332] Sequential element (inst/arbitor_v1_0_S00_AXI_inst/slv_reg1_reg[6]__0) is unused and will be removed from module sdcard_led_switch_arbitor_0_3.
INFO: [Synth 8-3332] Sequential element (inst/arbitor_v1_0_S00_AXI_inst/slv_reg1_reg[5]__0) is unused and will be removed from module sdcard_led_switch_arbitor_0_3.
INFO: [Synth 8-3332] Sequential element (inst/arbitor_v1_0_S00_AXI_inst/slv_reg1_reg[4]__0) is unused and will be removed from module sdcard_led_switch_arbitor_0_3.
INFO: [Synth 8-3332] Sequential element (inst/arbitor_v1_0_S00_AXI_inst/slv_reg1_reg[3]__0) is unused and will be removed from module sdcard_led_switch_arbitor_0_3.
INFO: [Synth 8-3332] Sequential element (inst/arbitor_v1_0_S00_AXI_inst/axi_bresp_reg[1]) is unused and will be removed from module sdcard_led_switch_arbitor_0_3.
INFO: [Synth 8-3332] Sequential element (inst/arbitor_v1_0_S00_AXI_inst/axi_awaddr_reg[1]) is unused and will be removed from module sdcard_led_switch_arbitor_0_3.
INFO: [Synth 8-3332] Sequential element (inst/arbitor_v1_0_S00_AXI_inst/axi_awaddr_reg[0]) is unused and will be removed from module sdcard_led_switch_arbitor_0_3.
INFO: [Synth 8-3332] Sequential element (inst/arbitor_v1_0_S00_AXI_inst/axi_araddr_reg[1]) is unused and will be removed from module sdcard_led_switch_arbitor_0_3.
INFO: [Synth 8-3332] Sequential element (inst/arbitor_v1_0_S00_AXI_inst/axi_araddr_reg[0]) is unused and will be removed from module sdcard_led_switch_arbitor_0_3.
INFO: [Synth 8-3332] Sequential element (inst/arbitor_v1_0_S00_AXI_inst/axi_rresp_reg[1]) is unused and will be removed from module sdcard_led_switch_arbitor_0_3.
---------------------------------------------------------------------------------
Finished Cross Boundary and Area Optimization : Time (s): cpu = 00:00:12 ; elapsed = 00:00:14 . Memory (MB): peak = 651.785 ; gain = 415.285
---------------------------------------------------------------------------------

Report RTL Partitions: 
+-+--------------+------------+----------+
| |RTL Partition |Replication |Instances |
+-+--------------+------------+----------+
+-+--------------+------------+----------+
---------------------------------------------------------------------------------
Start Applying XDC Timing Constraints
---------------------------------------------------------------------------------
---------------------------------------------------------------------------------
Finished Applying XDC Timing Constraints : Time (s): cpu = 00:00:21 ; elapsed = 00:00:23 . Memory (MB): peak = 651.785 ; gain = 415.285
---------------------------------------------------------------------------------
---------------------------------------------------------------------------------
Start Timing Optimization
---------------------------------------------------------------------------------
---------------------------------------------------------------------------------
Finished Timing Optimization : Time (s): cpu = 00:00:21 ; elapsed = 00:00:23 . Memory (MB): peak = 651.785 ; gain = 415.285
---------------------------------------------------------------------------------

Report RTL Partitions: 
+-+--------------+------------+----------+
| |RTL Partition |Replication |Instances |
+-+--------------+------------+----------+
+-+--------------+------------+----------+
---------------------------------------------------------------------------------
Start Technology Mapping
---------------------------------------------------------------------------------
---------------------------------------------------------------------------------
Finished Technology Mapping : Time (s): cpu = 00:00:21 ; elapsed = 00:00:23 . Memory (MB): peak = 651.785 ; gain = 415.285
---------------------------------------------------------------------------------

Report RTL Partitions: 
+-+--------------+------------+----------+
| |RTL Partition |Replication |Instances |
+-+--------------+------------+----------+
+-+--------------+------------+----------+
---------------------------------------------------------------------------------
Start IO Insertion
---------------------------------------------------------------------------------
---------------------------------------------------------------------------------
Start Flattening Before IO Insertion
---------------------------------------------------------------------------------
---------------------------------------------------------------------------------
Finished Flattening Before IO Insertion
---------------------------------------------------------------------------------
---------------------------------------------------------------------------------
Start Final Netlist Cleanup
---------------------------------------------------------------------------------
---------------------------------------------------------------------------------
Finished Final Netlist Cleanup
---------------------------------------------------------------------------------
---------------------------------------------------------------------------------
Finished IO Insertion : Time (s): cpu = 00:00:22 ; elapsed = 00:00:24 . Memory (MB): peak = 651.785 ; gain = 415.285
---------------------------------------------------------------------------------
CRITICAL WARNING: [Synth 8-3352] multi-driven net inst/arbitor_v1_0_S00_AXI_inst/slv_reg1[2] with 1st driver pin 'inst/arbitor_v1_0_S00_AXI_inst/slv_reg1_reg[2]__0/Q' [e:/XilinxSdk/verilog-miniproject/vivado/sdcard_led_switch/sdcard_led_switch.srcs/sources_1/bd/sdcard_led_switch/ipshared/c535/hdl/arbitor_v1_0_S00_AXI.v:224]
CRITICAL WARNING: [Synth 8-3352] multi-driven net inst/arbitor_v1_0_S00_AXI_inst/slv_reg1[2] with 2nd driver pin 'inst/arbitor_v1_0_S00_AXI_inst/slv_reg1_reg[2]/Q' [e:/XilinxSdk/verilog-miniproject/vivado/sdcard_led_switch/sdcard_led_switch.srcs/sources_1/bd/sdcard_led_switch/ipshared/c535/hdl/arbitor_v1_0_S00_AXI.v:532]
CRITICAL WARNING: [Synth 8-3352] multi-driven net inst/arbitor_v1_0_S00_AXI_inst/slv_reg1[1] with 1st driver pin 'inst/arbitor_v1_0_S00_AXI_inst/slv_reg1_reg[1]__0/Q' [e:/XilinxSdk/verilog-miniproject/vivado/sdcard_led_switch/sdcard_led_switch.srcs/sources_1/bd/sdcard_led_switch/ipshared/c535/hdl/arbitor_v1_0_S00_AXI.v:224]
CRITICAL WARNING: [Synth 8-3352] multi-driven net inst/arbitor_v1_0_S00_AXI_inst/slv_reg1[1] with 2nd driver pin 'inst/arbitor_v1_0_S00_AXI_inst/slv_reg1_reg[1]/Q' [e:/XilinxSdk/verilog-miniproject/vivado/sdcard_led_switch/sdcard_led_switch.srcs/sources_1/bd/sdcard_led_switch/ipshared/c535/hdl/arbitor_v1_0_S00_AXI.v:532]
CRITICAL WARNING: [Synth 8-3352] multi-driven net inst/arbitor_v1_0_S00_AXI_inst/slv_reg1[0] with 1st driver pin 'inst/arbitor_v1_0_S00_AXI_inst/slv_reg1_reg[0]__0/Q' [e:/XilinxSdk/verilog-miniproject/vivado/sdcard_led_switch/sdcard_led_switch.srcs/sources_1/bd/sdcard_led_switch/ipshared/c535/hdl/arbitor_v1_0_S00_AXI.v:224]
CRITICAL WARNING: [Synth 8-3352] multi-driven net inst/arbitor_v1_0_S00_AXI_inst/slv_reg1[0] with 2nd driver pin 'inst/arbitor_v1_0_S00_AXI_inst/slv_reg1_reg[0]/Q' [e:/XilinxSdk/verilog-miniproject/vivado/sdcard_led_switch/sdcard_led_switch.srcs/sources_1/bd/sdcard_led_switch/ipshared/c535/hdl/arbitor_v1_0_S00_AXI.v:532]

Report Check Netlist: 
+------+------------------+-------+---------+-------+------------------+
|      |Item              |Errors |Warnings |Status |Description       |
+------+------------------+-------+---------+-------+------------------+
|1     |multi_driven_nets |      0|        3|Failed |Multi driven nets |
+------+------------------+-------+---------+-------+------------------+
---------------------------------------------------------------------------------
Start Renaming Generated Instances
---------------------------------------------------------------------------------
---------------------------------------------------------------------------------
Finished Renaming Generated Instances : Time (s): cpu = 00:00:22 ; elapsed = 00:00:24 . Memory (MB): peak = 651.785 ; gain = 415.285
---------------------------------------------------------------------------------

Report RTL Partitions: 
+-+--------------+------------+----------+
| |RTL Partition |Replication |Instances |
+-+--------------+------------+----------+
+-+--------------+------------+----------+
---------------------------------------------------------------------------------
Start Rebuilding User Hierarchy
---------------------------------------------------------------------------------
---------------------------------------------------------------------------------
Finished Rebuilding User Hierarchy : Time (s): cpu = 00:00:22 ; elapsed = 00:00:24 . Memory (MB): peak = 651.785 ; gain = 415.285
---------------------------------------------------------------------------------
---------------------------------------------------------------------------------
Start Renaming Generated Ports
---------------------------------------------------------------------------------
---------------------------------------------------------------------------------
Finished Renaming Generated Ports : Time (s): cpu = 00:00:22 ; elapsed = 00:00:24 . Memory (MB): peak = 651.785 ; gain = 415.285
---------------------------------------------------------------------------------
---------------------------------------------------------------------------------
Start Handling Custom Attributes
---------------------------------------------------------------------------------
---------------------------------------------------------------------------------
Finished Handling Custom Attributes : Time (s): cpu = 00:00:22 ; elapsed = 00:00:24 . Memory (MB): peak = 651.785 ; gain = 415.285
---------------------------------------------------------------------------------
---------------------------------------------------------------------------------
Start Renaming Generated Nets
---------------------------------------------------------------------------------
---------------------------------------------------------------------------------
Finished Renaming Generated Nets : Time (s): cpu = 00:00:22 ; elapsed = 00:00:24 . Memory (MB): peak = 651.785 ; gain = 415.285
---------------------------------------------------------------------------------
---------------------------------------------------------------------------------
Start Writing Synthesis Report
---------------------------------------------------------------------------------

Report BlackBoxes: 
+-+--------------+----------+
| |BlackBox name |Instances |
+-+--------------+----------+
+-+--------------+----------+

Report Cell Usage: 
+------+-----+------+
|      |Cell |Count |
+------+-----+------+
|1     |LUT1 |     1|
|2     |LUT2 |     1|
|3     |LUT3 |     5|
|4     |LUT4 |    18|
|5     |LUT5 |    29|
|6     |LUT6 |    16|
|7     |FDCE |     6|
|8     |FDRE |   140|
|9     |FDSE |     1|
+------+-----+------+

Report Instance Areas: 
+------+------------------------------+---------------------+------+
|      |Instance                      |Module               |Cells |
+------+------------------------------+---------------------+------+
|1     |top                           |                     |   217|
|2     |  inst                        |arbitor_v1_0         |   217|
|3     |    arbitor_v1_0_S00_AXI_inst |arbitor_v1_0_S00_AXI |   217|
+------+------------------------------+---------------------+------+
---------------------------------------------------------------------------------
Finished Writing Synthesis Report : Time (s): cpu = 00:00:22 ; elapsed = 00:00:24 . Memory (MB): peak = 651.785 ; gain = 415.285
---------------------------------------------------------------------------------
Synthesis finished with 0 errors, 93 critical warnings and 6 warnings.
Synthesis Optimization Runtime : Time (s): cpu = 00:00:14 ; elapsed = 00:00:18 . Memory (MB): peak = 651.785 ; gain = 114.914
Synthesis Optimization Complete : Time (s): cpu = 00:00:22 ; elapsed = 00:00:24 . Memory (MB): peak = 651.785 ; gain = 415.285
INFO: [Project 1-571] Translating synthesized netlist
INFO: [Project 1-570] Preparing netlist for logic optimization
INFO: [Opt 31-138] Pushed 0 inverter(s) to 0 load pin(s).
INFO: [Project 1-111] Unisim Transformation Summary:
No Unisim elements were transformed.

85 Infos, 14 Warnings, 93 Critical Warnings and 0 Errors encountered.
synth_design completed successfully
synth_design: Time (s): cpu = 00:00:23 ; elapsed = 00:00:26 . Memory (MB): peak = 651.785 ; gain = 415.285
INFO: [Common 17-1381] The checkpoint 'E:/XilinxSdk/verilog-miniproject/vivado/sdcard_led_switch/sdcard_led_switch.runs/sdcard_led_switch_arbitor_0_3_synth_1/sdcard_led_switch_arbitor_0_3.dcp' has been generated.
