
*** Running vivado
    with args -log sdcard_led_switch_rst_ps7_0_100M_0.vds -m64 -product Vivado -mode batch -messageDb vivado.pb -notrace -source sdcard_led_switch_rst_ps7_0_100M_0.tcl


****** Vivado v2017.1 (64-bit)
  **** SW Build 1846317 on Fri Apr 14 18:55:03 MDT 2017
  **** IP Build 1846188 on Fri Apr 14 20:52:08 MDT 2017
    ** Copyright 1986-2017 Xilinx, Inc. All Rights Reserved.

source sdcard_led_switch_rst_ps7_0_100M_0.tcl -notrace
Starting RTL Elaboration : Time (s): cpu = 00:00:04 ; elapsed = 00:00:04 . Memory (MB): peak = 311.727 ; gain = 80.879
INFO: [Synth 8-638] synthesizing module 'sdcard_led_switch_rst_ps7_0_100M_0' [e:/XilinxSdk/sdcard/src/verilog-miniproject/vivado/sdcard_led_switch/sdcard_led_switch.srcs/sources_1/bd/sdcard_led_switch/ip/sdcard_led_switch_rst_ps7_0_100M_0/synth/sdcard_led_switch_rst_ps7_0_100M_0.vhd:74]
INFO: [Synth 8-638] synthesizing module 'proc_sys_reset' [e:/XilinxSdk/sdcard/src/verilog-miniproject/vivado/sdcard_led_switch/sdcard_led_switch.srcs/sources_1/bd/sdcard_led_switch/ipshared/5db7/hdl/proc_sys_reset_v5_0_vh_rfs.vhd:1323]
INFO: [Synth 8-638] synthesizing module 'lpf' [e:/XilinxSdk/sdcard/src/verilog-miniproject/vivado/sdcard_led_switch/sdcard_led_switch.srcs/sources_1/bd/sdcard_led_switch/ipshared/5db7/hdl/proc_sys_reset_v5_0_vh_rfs.vhd:816]
INFO: [Synth 8-638] synthesizing module 'SRL16' [C:/Xilinx/Vivado/2017.1/scripts/rt/data/unisim_comp.v:43657]
INFO: [Synth 8-256] done synthesizing module 'SRL16' (1#1) [C:/Xilinx/Vivado/2017.1/scripts/rt/data/unisim_comp.v:43657]
INFO: [Synth 8-638] synthesizing module 'cdc_sync' [e:/XilinxSdk/sdcard/src/verilog-miniproject/vivado/sdcard_led_switch/sdcard_led_switch.srcs/sources_1/bd/sdcard_led_switch/ipshared/52cb/hdl/lib_cdc_v1_0_rfs.vhd:106]
INFO: [Synth 8-256] done synthesizing module 'cdc_sync' (2#1) [e:/XilinxSdk/sdcard/src/verilog-miniproject/vivado/sdcard_led_switch/sdcard_led_switch.srcs/sources_1/bd/sdcard_led_switch/ipshared/52cb/hdl/lib_cdc_v1_0_rfs.vhd:106]
INFO: [Synth 8-256] done synthesizing module 'lpf' (3#1) [e:/XilinxSdk/sdcard/src/verilog-miniproject/vivado/sdcard_led_switch/sdcard_led_switch.srcs/sources_1/bd/sdcard_led_switch/ipshared/5db7/hdl/proc_sys_reset_v5_0_vh_rfs.vhd:816]
INFO: [Synth 8-638] synthesizing module 'sequence_psr' [e:/XilinxSdk/sdcard/src/verilog-miniproject/vivado/sdcard_led_switch/sdcard_led_switch.srcs/sources_1/bd/sdcard_led_switch/ipshared/5db7/hdl/proc_sys_reset_v5_0_vh_rfs.vhd:301]
INFO: [Synth 8-638] synthesizing module 'upcnt_n' [e:/XilinxSdk/sdcard/src/verilog-miniproject/vivado/sdcard_led_switch/sdcard_led_switch.srcs/sources_1/bd/sdcard_led_switch/ipshared/5db7/hdl/proc_sys_reset_v5_0_vh_rfs.vhd:125]
INFO: [Synth 8-256] done synthesizing module 'upcnt_n' (4#1) [e:/XilinxSdk/sdcard/src/verilog-miniproject/vivado/sdcard_led_switch/sdcard_led_switch.srcs/sources_1/bd/sdcard_led_switch/ipshared/5db7/hdl/proc_sys_reset_v5_0_vh_rfs.vhd:125]
INFO: [Synth 8-256] done synthesizing module 'sequence_psr' (5#1) [e:/XilinxSdk/sdcard/src/verilog-miniproject/vivado/sdcard_led_switch/sdcard_led_switch.srcs/sources_1/bd/sdcard_led_switch/ipshared/5db7/hdl/proc_sys_reset_v5_0_vh_rfs.vhd:301]
INFO: [Synth 8-256] done synthesizing module 'proc_sys_reset' (6#1) [e:/XilinxSdk/sdcard/src/verilog-miniproject/vivado/sdcard_led_switch/sdcard_led_switch.srcs/sources_1/bd/sdcard_led_switch/ipshared/5db7/hdl/proc_sys_reset_v5_0_vh_rfs.vhd:1323]
INFO: [Synth 8-256] done synthesizing module 'sdcard_led_switch_rst_ps7_0_100M_0' (7#1) [e:/XilinxSdk/sdcard/src/verilog-miniproject/vivado/sdcard_led_switch/sdcard_led_switch.srcs/sources_1/bd/sdcard_led_switch/ip/sdcard_led_switch_rst_ps7_0_100M_0/synth/sdcard_led_switch_rst_ps7_0_100M_0.vhd:74]
Finished RTL Elaboration : Time (s): cpu = 00:00:05 ; elapsed = 00:00:06 . Memory (MB): peak = 351.805 ; gain = 120.957
Finished RTL Optimization Phase 1 : Time (s): cpu = 00:00:05 ; elapsed = 00:00:06 . Memory (MB): peak = 351.805 ; gain = 120.957
INFO: [Device 21-403] Loading part xc7z010clg400-1
Constraint Validation Runtime : Time (s): cpu = 00:00:00 ; elapsed = 00:00:00.133 . Memory (MB): peak = 654.207 ; gain = 0.000
Finished Constraint Validation : Time (s): cpu = 00:00:15 ; elapsed = 00:00:17 . Memory (MB): peak = 654.207 ; gain = 423.359
Finished Loading Part and Timing Information : Time (s): cpu = 00:00:15 ; elapsed = 00:00:17 . Memory (MB): peak = 654.207 ; gain = 423.359
Finished applying 'set_property' XDC Constraints : Time (s): cpu = 00:00:15 ; elapsed = 00:00:17 . Memory (MB): peak = 654.207 ; gain = 423.359
Finished RTL Optimization Phase 2 : Time (s): cpu = 00:00:15 ; elapsed = 00:00:17 . Memory (MB): peak = 654.207 ; gain = 423.359
Finished Cross Boundary and Area Optimization : Time (s): cpu = 00:00:15 ; elapsed = 00:00:18 . Memory (MB): peak = 654.207 ; gain = 423.359
Finished Applying XDC Timing Constraints : Time (s): cpu = 00:00:26 ; elapsed = 00:00:29 . Memory (MB): peak = 654.207 ; gain = 423.359
Finished Timing Optimization : Time (s): cpu = 00:00:26 ; elapsed = 00:00:29 . Memory (MB): peak = 654.207 ; gain = 423.359
Finished Technology Mapping : Time (s): cpu = 00:00:26 ; elapsed = 00:00:29 . Memory (MB): peak = 654.207 ; gain = 423.359
Finished IO Insertion : Time (s): cpu = 00:00:27 ; elapsed = 00:00:29 . Memory (MB): peak = 654.207 ; gain = 423.359
Finished Renaming Generated Instances : Time (s): cpu = 00:00:27 ; elapsed = 00:00:29 . Memory (MB): peak = 654.207 ; gain = 423.359
Finished Rebuilding User Hierarchy : Time (s): cpu = 00:00:27 ; elapsed = 00:00:29 . Memory (MB): peak = 654.207 ; gain = 423.359
Finished Renaming Generated Ports : Time (s): cpu = 00:00:27 ; elapsed = 00:00:29 . Memory (MB): peak = 654.207 ; gain = 423.359
Finished Handling Custom Attributes : Time (s): cpu = 00:00:27 ; elapsed = 00:00:29 . Memory (MB): peak = 654.207 ; gain = 423.359
Finished Renaming Generated Nets : Time (s): cpu = 00:00:27 ; elapsed = 00:00:29 . Memory (MB): peak = 654.207 ; gain = 423.359

Report Cell Usage: 
+------+------+------+
|      |Cell  |Count |
+------+------+------+
|1     |LUT1  |     5|
|2     |LUT2  |     9|
|3     |LUT3  |     1|
|4     |LUT4  |     6|
|5     |LUT5  |     3|
|6     |LUT6  |     1|
|7     |SRL16 |     1|
|8     |FDR   |     8|
|9     |FDRE  |    28|
|10    |FDSE  |     4|
+------+------+------+
Finished Writing Synthesis Report : Time (s): cpu = 00:00:27 ; elapsed = 00:00:29 . Memory (MB): peak = 654.207 ; gain = 423.359
synth_design: Time (s): cpu = 00:00:28 ; elapsed = 00:00:31 . Memory (MB): peak = 654.207 ; gain = 423.359
