Copyright 1986-2017 Xilinx, Inc. All Rights Reserved.
------------------------------------------------------------------------------------------------------
| Tool Version : Vivado v.2017.1 (win64) Build 1846317 Fri Apr 14 18:55:03 MDT 2017
| Date         : Sun Jan 10 12:47:30 2021
| Host         : DESKTOP-JJ8P2MG running 64-bit major release  (build 9200)
| Command      : report_control_sets -verbose -file sdcard_led_switch_wrapper_control_sets_placed.rpt
| Design       : sdcard_led_switch_wrapper
| Device       : xc7z010
------------------------------------------------------------------------------------------------------

Control Set Information

Table of Contents
-----------------
1. Summary
2. Flip-Flop Distribution
3. Detailed Control Set Information

1. Summary
----------

+----------------------------------------------------------+-------+
|                          Status                          | Count |
+----------------------------------------------------------+-------+
| Number of unique control sets                            |    51 |
| Unused register locations in slices containing registers |   123 |
+----------------------------------------------------------+-------+


2. Flip-Flop Distribution
-------------------------

+--------------+-----------------------+------------------------+-----------------+--------------+
| Clock Enable | Synchronous Set/Reset | Asynchronous Set/Reset | Total Registers | Total Slices |
+--------------+-----------------------+------------------------+-----------------+--------------+
| No           | No                    | No                     |             145 |           54 |
| No           | No                    | Yes                    |               0 |            0 |
| No           | Yes                   | No                     |             141 |           41 |
| Yes          | No                    | No                     |             471 |          112 |
| Yes          | No                    | Yes                    |               0 |            0 |
| Yes          | Yes                   | No                     |             136 |           35 |
+--------------+-----------------------+------------------------+-----------------+--------------+


3. Detailed Control Set Information
-----------------------------------

+----------------------------------------------------------+------------------------------------------------------------------------------------------------------------------------------------------------------------------------+---------------------------------------------------------------------------------------------------------------------------------------------------+------------------+----------------+
|                       Clock Signal                       |                                                                              Enable Signal                                                                             |                                                                  Set/Reset Signal                                                                 | Slice Load Count | Bel Load Count |
+----------------------------------------------------------+------------------------------------------------------------------------------------------------------------------------------------------------------------------------+---------------------------------------------------------------------------------------------------------------------------------------------------+------------------+----------------+
|  sdcard_led_switch_i/processing_system7_0/inst/FCLK_CLK0 |                                                                                                                                                                        | sdcard_led_switch_i/ps7_0_axi_periph/xbar/inst/gen_sasd.crossbar_sasd_0/addr_arbiter_inst/s_arvalid_reg                                           |                1 |              2 |
|  sdcard_led_switch_i/processing_system7_0/inst/FCLK_CLK0 | sdcard_led_switch_i/ps7_0_axi_periph/s00_couplers/auto_pc/inst/gen_axilite.gen_b2s_conv.axilite_b2s/WR.b_channel_0/bid_fifo_0/bresp_push                               |                                                                                                                                                   |                1 |              2 |
|  sdcard_led_switch_i/processing_system7_0/inst/FCLK_CLK0 | sdcard_led_switch_i/ps7_0_axi_periph/xbar/inst/gen_sasd.crossbar_sasd_0/addr_arbiter_inst/m_grant_enc_i                                                                | sdcard_led_switch_i/ps7_0_axi_periph/xbar/inst/gen_sasd.crossbar_sasd_0/addr_arbiter_inst/SR[0]                                                   |                1 |              3 |
|  sdcard_led_switch_i/processing_system7_0/inst/FCLK_CLK0 |                                                                                                                                                                        | sdcard_led_switch_i/axi_gpio_1/U0/AXI_LITE_IPIF_I/I_SLAVE_ATTACHMENT/clear                                                                        |                1 |              4 |
|  sdcard_led_switch_i/processing_system7_0/inst/FCLK_CLK0 |                                                                                                                                                                        | sdcard_led_switch_i/axi_gpio_0/U0/AXI_LITE_IPIF_I/I_SLAVE_ATTACHMENT/I_DECODER/Not_Dual.ALLOUT_ND.READ_REG_GEN[0].GPIO_DBus_i_reg[28]             |                1 |              4 |
|  sdcard_led_switch_i/processing_system7_0/inst/FCLK_CLK0 |                                                                                                                                                                        | sdcard_led_switch_i/axi_gpio_0/U0/AXI_LITE_IPIF_I/I_SLAVE_ATTACHMENT/clear                                                                        |                1 |              4 |
|  sdcard_led_switch_i/processing_system7_0/inst/FCLK_CLK0 | sdcard_led_switch_i/axi_gpio_0/U0/AXI_LITE_IPIF_I/I_SLAVE_ATTACHMENT/s_axi_rdata_i[3]_i_1_n_0                                                                          | sdcard_led_switch_i/axi_gpio_0/U0/AXI_LITE_IPIF_I/I_SLAVE_ATTACHMENT/SR                                                                           |                1 |              4 |
|  sdcard_led_switch_i/processing_system7_0/inst/FCLK_CLK0 |                                                                                                                                                                        | sdcard_led_switch_i/axi_gpio_1/U0/AXI_LITE_IPIF_I/I_SLAVE_ATTACHMENT/I_DECODER/Not_Dual.ALLIN1_ND.READ_REG_GEN[0].GPIO_DBus_i_reg[28]             |                1 |              4 |
|  sdcard_led_switch_i/processing_system7_0/inst/FCLK_CLK0 |                                                                                                                                                                        | sdcard_led_switch_i/ps7_0_axi_periph/s00_couplers/auto_pc/inst/gen_axilite.gen_b2s_conv.axilite_b2s/SI_REG/ar_pipe/m_valid_i_reg_0                |                3 |              4 |
|  sdcard_led_switch_i/processing_system7_0/inst/FCLK_CLK0 |                                                                                                                                                                        | sdcard_led_switch_i/ps7_0_axi_periph/s00_couplers/auto_pc/inst/gen_axilite.gen_b2s_conv.axilite_b2s/SI_REG/aw_pipe/s_ready_i_reg_0                |                3 |              4 |
|  sdcard_led_switch_i/processing_system7_0/inst/FCLK_CLK0 | sdcard_led_switch_i/axi_gpio_1/U0/AXI_LITE_IPIF_I/I_SLAVE_ATTACHMENT/I_DECODER/Not_Dual.gpio_OE_reg[0][0]                                                              | sdcard_led_switch_i/axi_gpio_1/U0/AXI_LITE_IPIF_I/I_SLAVE_ATTACHMENT/SR                                                                           |                1 |              4 |
|  sdcard_led_switch_i/processing_system7_0/inst/FCLK_CLK0 | sdcard_led_switch_i/axi_gpio_1/U0/AXI_LITE_IPIF_I/I_SLAVE_ATTACHMENT/bus2ip_addr_i[8]_i_1_n_0                                                                          | sdcard_led_switch_i/axi_gpio_1/U0/AXI_LITE_IPIF_I/I_SLAVE_ATTACHMENT/SR                                                                           |                1 |              4 |
|  sdcard_led_switch_i/processing_system7_0/inst/FCLK_CLK0 | sdcard_led_switch_i/axi_gpio_0/U0/AXI_LITE_IPIF_I/I_SLAVE_ATTACHMENT/bus2ip_addr_i[8]_i_1_n_0                                                                          | sdcard_led_switch_i/axi_gpio_0/U0/AXI_LITE_IPIF_I/I_SLAVE_ATTACHMENT/SR                                                                           |                1 |              4 |
|  sdcard_led_switch_i/processing_system7_0/inst/FCLK_CLK0 | sdcard_led_switch_i/axi_gpio_1/U0/AXI_LITE_IPIF_I/I_SLAVE_ATTACHMENT/s_axi_rdata_i[3]_i_1_n_0                                                                          | sdcard_led_switch_i/axi_gpio_1/U0/AXI_LITE_IPIF_I/I_SLAVE_ATTACHMENT/SR                                                                           |                1 |              4 |
|  sdcard_led_switch_i/processing_system7_0/inst/FCLK_CLK0 | sdcard_led_switch_i/ps7_0_axi_periph/s00_couplers/auto_pc/inst/gen_axilite.gen_b2s_conv.axilite_b2s/RD.ar_channel_0/ar_cmd_fsm_0/axlen_cnt_reg[4][0]                   | sdcard_led_switch_i/ps7_0_axi_periph/s00_couplers/auto_pc/inst/gen_axilite.gen_b2s_conv.axilite_b2s/RD.ar_channel_0/ar_cmd_fsm_0/axlen_cnt_reg[7] |                1 |              4 |
|  sdcard_led_switch_i/processing_system7_0/inst/FCLK_CLK0 | sdcard_led_switch_i/ps7_0_axi_periph/s00_couplers/auto_pc/inst/gen_axilite.gen_b2s_conv.axilite_b2s/WR.aw_channel_0/aw_cmd_fsm_0/axaddr_wrap_reg[0]                    | sdcard_led_switch_i/ps7_0_axi_periph/s00_couplers/auto_pc/inst/gen_axilite.gen_b2s_conv.axilite_b2s/WR.aw_channel_0/aw_cmd_fsm_0/axlen_cnt_reg[7] |                1 |              4 |
|  sdcard_led_switch_i/processing_system7_0/inst/FCLK_CLK0 |                                                                                                                                                                        | sdcard_led_switch_i/rst_ps7_0_100M/U0/EXT_LPF/lpf_int                                                                                             |                3 |              5 |
|  sdcard_led_switch_i/processing_system7_0/inst/FCLK_CLK0 | sdcard_led_switch_i/rst_ps7_0_100M/U0/SEQ/seq_cnt_en                                                                                                                   | sdcard_led_switch_i/rst_ps7_0_100M/U0/SEQ/SEQ_COUNTER/clear                                                                                       |                1 |              6 |
|  sdcard_led_switch_i/processing_system7_0/inst/FCLK_CLK0 | sdcard_led_switch_i/axi_gpio_0/U0/AXI_LITE_IPIF_I/I_SLAVE_ATTACHMENT/I_DECODER/E[0]                                                                                    | sdcard_led_switch_i/axi_gpio_0/U0/AXI_LITE_IPIF_I/I_SLAVE_ATTACHMENT/SR                                                                           |                2 |              8 |
|  sdcard_led_switch_i/processing_system7_0/inst/FCLK_CLK0 | sdcard_led_switch_i/ps7_0_axi_periph/s00_couplers/auto_pc/inst/gen_axilite.gen_b2s_conv.axilite_b2s/WR.b_channel_0/mhandshake_r                                        | sdcard_led_switch_i/ps7_0_axi_periph/s00_couplers/auto_pc/inst/gen_axilite.gen_b2s_conv.axilite_b2s/WR.b_channel_0/bid_fifo_0/SR[0]               |                4 |              8 |
|  sdcard_led_switch_i/processing_system7_0/inst/FCLK_CLK0 | sdcard_led_switch_i/arbitor_0/inst/arbitor_v1_0_S00_AXI_inst/slv_reg0[7]_i_1_n_0                                                                                       | sdcard_led_switch_i/arbitor_0/inst/arbitor_v1_0_S00_AXI_inst/p_0_in                                                                               |                2 |              8 |
|  sdcard_led_switch_i/processing_system7_0/inst/FCLK_CLK0 | sdcard_led_switch_i/arbitor_0/inst/arbitor_v1_0_S00_AXI_inst/slv_reg0[31]_i_1_n_0                                                                                      | sdcard_led_switch_i/arbitor_0/inst/arbitor_v1_0_S00_AXI_inst/p_0_in                                                                               |                1 |              8 |
|  sdcard_led_switch_i/processing_system7_0/inst/FCLK_CLK0 | sdcard_led_switch_i/arbitor_0/inst/arbitor_v1_0_S00_AXI_inst/slv_reg0[23]_i_1_n_0                                                                                      | sdcard_led_switch_i/arbitor_0/inst/arbitor_v1_0_S00_AXI_inst/p_0_in                                                                               |                1 |              8 |
|  sdcard_led_switch_i/processing_system7_0/inst/FCLK_CLK0 | sdcard_led_switch_i/arbitor_0/inst/arbitor_v1_0_S00_AXI_inst/slv_reg0[15]_i_1_n_0                                                                                      | sdcard_led_switch_i/arbitor_0/inst/arbitor_v1_0_S00_AXI_inst/p_0_in                                                                               |                1 |              8 |
|  sdcard_led_switch_i/processing_system7_0/inst/FCLK_CLK0 | sdcard_led_switch_i/ps7_0_axi_periph/s00_couplers/auto_pc/inst/gen_axilite.gen_b2s_conv.axilite_b2s/RD.ar_channel_0/ar_cmd_fsm_0/axaddr_incr_reg[11]                   |                                                                                                                                                   |                3 |             12 |
|  sdcard_led_switch_i/processing_system7_0/inst/FCLK_CLK0 | sdcard_led_switch_i/ps7_0_axi_periph/s00_couplers/auto_pc/inst/gen_axilite.gen_b2s_conv.axilite_b2s/RD.ar_channel_0/ar_cmd_fsm_0/E[0]                                  |                                                                                                                                                   |                6 |             12 |
|  sdcard_led_switch_i/processing_system7_0/inst/FCLK_CLK0 |                                                                                                                                                                        | sdcard_led_switch_i/arbitor_0/inst/arbitor_v1_0_S00_AXI_inst/p_0_in                                                                               |                3 |             12 |
|  sdcard_led_switch_i/processing_system7_0/inst/FCLK_CLK0 | sdcard_led_switch_i/ps7_0_axi_periph/s00_couplers/auto_pc/inst/gen_axilite.gen_b2s_conv.axilite_b2s/WR.aw_channel_0/cmd_translator_0/incr_cmd_0/axaddr_incr[0]_i_1_n_0 |                                                                                                                                                   |                3 |             12 |
|  sdcard_led_switch_i/processing_system7_0/inst/FCLK_CLK0 |                                                                                                                                                                        | sdcard_led_switch_i/ps7_0_axi_periph/xbar/inst/gen_sasd.crossbar_sasd_0/addr_arbiter_inst/SR[0]                                                   |                4 |             12 |
|  sdcard_led_switch_i/processing_system7_0/inst/FCLK_CLK0 | sdcard_led_switch_i/ps7_0_axi_periph/s00_couplers/auto_pc/inst/gen_axilite.gen_b2s_conv.axilite_b2s/WR.aw_channel_0/aw_cmd_fsm_0/E[0]                                  |                                                                                                                                                   |                4 |             12 |
|  sdcard_led_switch_i/processing_system7_0/inst/FCLK_CLK0 | sdcard_led_switch_i/ps7_0_axi_periph/s00_couplers/auto_pc/inst/gen_axilite.gen_b2s_conv.axilite_b2s/RD.r_channel_0/r_push_r                                            |                                                                                                                                                   |                4 |             13 |
|  sdcard_led_switch_i/processing_system7_0/inst/FCLK_CLK0 | sdcard_led_switch_i/ps7_0_axi_periph/s00_couplers/auto_pc/inst/gen_axilite.gen_b2s_conv.axilite_b2s/SI_REG/b_pipe/p_1_in                                               |                                                                                                                                                   |                2 |             14 |
|  sdcard_led_switch_i/processing_system7_0/inst/FCLK_CLK0 | sdcard_led_switch_i/ps7_0_axi_periph/s00_couplers/auto_pc/inst/gen_axilite.gen_b2s_conv.axilite_b2s/SI_REG/b_pipe/skid_buffer_reg[0]_0                                 |                                                                                                                                                   |                2 |             14 |
|  sdcard_led_switch_i/processing_system7_0/inst/FCLK_CLK0 |                                                                                                                                                                        | sdcard_led_switch_i/axi_gpio_1/U0/AXI_LITE_IPIF_I/I_SLAVE_ATTACHMENT/SR                                                                           |                4 |             15 |
|  sdcard_led_switch_i/processing_system7_0/inst/FCLK_CLK0 |                                                                                                                                                                        | sdcard_led_switch_i/axi_gpio_0/U0/AXI_LITE_IPIF_I/I_SLAVE_ATTACHMENT/SR                                                                           |                5 |             15 |
|  sdcard_led_switch_i/processing_system7_0/inst/FCLK_CLK0 | sdcard_led_switch_i/ps7_0_axi_periph/s00_couplers/auto_pc/inst/gen_axilite.gen_b2s_conv.axilite_b2s/WR.aw_channel_0/aw_cmd_fsm_0/b_push                                |                                                                                                                                                   |                3 |             16 |
|  sdcard_led_switch_i/processing_system7_0/inst/FCLK_CLK0 | sdcard_led_switch_i/ps7_0_axi_periph/xbar/inst/gen_sasd.crossbar_sasd_0/addr_arbiter_inst/p_0_in                                                                       | sdcard_led_switch_i/ps7_0_axi_periph/xbar/inst/gen_sasd.crossbar_sasd_0/addr_arbiter_inst/SR[0]                                                   |                6 |             19 |
|  sdcard_led_switch_i/processing_system7_0/inst/FCLK_CLK0 | sdcard_led_switch_i/ps7_0_axi_periph/s00_couplers/auto_pc/inst/gen_axilite.gen_b2s_conv.axilite_b2s/RD.ar_channel_0/ar_cmd_fsm_0/axlen_cnt_reg[4][0]                   |                                                                                                                                                   |                8 |             21 |
|  sdcard_led_switch_i/processing_system7_0/inst/FCLK_CLK0 | sdcard_led_switch_i/ps7_0_axi_periph/s00_couplers/auto_pc/inst/gen_axilite.gen_b2s_conv.axilite_b2s/WR.aw_channel_0/aw_cmd_fsm_0/axaddr_wrap_reg[0]                    |                                                                                                                                                   |                8 |             21 |
|  sdcard_led_switch_i/processing_system7_0/inst/FCLK_CLK0 | sdcard_led_switch_i/ps7_0_axi_periph/xbar/inst/gen_sasd.crossbar_sasd_0/reg_slice_r/aa_rready                                                                          |                                                                                                                                                   |                8 |             32 |
|  sdcard_led_switch_i/processing_system7_0/inst/FCLK_CLK0 | sdcard_led_switch_i/arbitor_0/inst/arbitor_v1_0_S00_AXI_inst/slv_reg_rden__0                                                                                           | sdcard_led_switch_i/arbitor_0/inst/arbitor_v1_0_S00_AXI_inst/p_0_in                                                                               |                9 |             32 |
|  sdcard_led_switch_i/processing_system7_0/inst/FCLK_CLK0 | sdcard_led_switch_i/ps7_0_axi_periph/s00_couplers/auto_pc/inst/gen_axilite.gen_b2s_conv.axilite_b2s/RD.r_channel_0/rd_data_fifo_0/wr_en0                               |                                                                                                                                                   |                9 |             34 |
|  sdcard_led_switch_i/processing_system7_0/inst/FCLK_CLK0 | sdcard_led_switch_i/ps7_0_axi_periph/xbar/inst/gen_sasd.crossbar_sasd_0/addr_arbiter_inst/E[0]                                                                         |                                                                                                                                                   |                7 |             35 |
|  sdcard_led_switch_i/processing_system7_0/inst/FCLK_CLK0 | sdcard_led_switch_i/ps7_0_axi_periph/s00_couplers/auto_pc/inst/gen_axilite.gen_b2s_conv.axilite_b2s/SI_REG/r_pipe/p_1_in                                               |                                                                                                                                                   |                7 |             47 |
|  sdcard_led_switch_i/processing_system7_0/inst/FCLK_CLK0 | sdcard_led_switch_i/ps7_0_axi_periph/s00_couplers/auto_pc/inst/gen_axilite.gen_b2s_conv.axilite_b2s/SI_REG/r_pipe/skid_buffer_reg[0]_0                                 |                                                                                                                                                   |                8 |             47 |
|  sdcard_led_switch_i/processing_system7_0/inst/FCLK_CLK0 | sdcard_led_switch_i/ps7_0_axi_periph/s00_couplers/auto_pc/inst/gen_axilite.gen_b2s_conv.axilite_b2s/SI_REG/ar_pipe/s_axi_arready                                       |                                                                                                                                                   |               10 |             48 |
|  sdcard_led_switch_i/processing_system7_0/inst/FCLK_CLK0 | sdcard_led_switch_i/ps7_0_axi_periph/s00_couplers/auto_pc/inst/gen_axilite.gen_b2s_conv.axilite_b2s/SI_REG/aw_pipe/s_axi_awready                                       |                                                                                                                                                   |               13 |             48 |
|  sdcard_led_switch_i/processing_system7_0/inst/FCLK_CLK0 | sdcard_led_switch_i/ps7_0_axi_periph/s00_couplers/auto_pc/inst/gen_axilite.gen_b2s_conv.axilite_b2s/RD.ar_channel_0/ar_cmd_fsm_0/m_payload_i_reg[0]_1[0]               |                                                                                                                                                   |               12 |             48 |
|  sdcard_led_switch_i/processing_system7_0/inst/FCLK_CLK0 | sdcard_led_switch_i/ps7_0_axi_periph/s00_couplers/auto_pc/inst/gen_axilite.gen_b2s_conv.axilite_b2s/WR.aw_channel_0/aw_cmd_fsm_0/m_payload_i_reg[0][0]                 |                                                                                                                                                   |               11 |             48 |
|  sdcard_led_switch_i/processing_system7_0/inst/FCLK_CLK0 |                                                                                                                                                                        | sdcard_led_switch_i/ps7_0_axi_periph/s00_couplers/auto_pc/inst/gen_axilite.gen_b2s_conv.axilite_b2s/areset_d1                                     |               11 |             56 |
|  sdcard_led_switch_i/processing_system7_0/inst/FCLK_CLK0 |                                                                                                                                                                        |                                                                                                                                                   |               55 |            146 |
+----------------------------------------------------------+------------------------------------------------------------------------------------------------------------------------------------------------------------------------+---------------------------------------------------------------------------------------------------------------------------------------------------+------------------+----------------+


+--------+-----------------------+
| Fanout | Number of ControlSets |
+--------+-----------------------+
| 2      |                     2 |
| 3      |                     1 |
| 4      |                    13 |
| 5      |                     1 |
| 6      |                     1 |
| 8      |                     6 |
| 12     |                     6 |
| 13     |                     1 |
| 14     |                     2 |
| 15     |                     2 |
| 16+    |                    16 |
+--------+-----------------------+


