21:13:47 **** Incremental Build of configuration Debug for project sdcard_led_switch ****
make pre-build main-build 
a9-linaro-pre-build-step
' '
make: Nothing to be done for `main-build'.
21:13:51 **** Incremental Build of configuration Debug for project sdcard_led_switch ****
make pre-build main-build 
a9-linaro-pre-build-step
' '
make: Nothing to be done for `main-build'.
21:35:17 **** Auto Build of configuration Debug for project sdcard_led_switch ****
make pre-build main-build 
a9-linaro-pre-build-step
' '
'Building file: ../src/sdcard-led.c'
'Invoking: ARM v7 gcc compiler'
arm-none-eabi-gcc -Wall -O0 -g3 -c -fmessage-length=0 -MT"src/sdcard-led.o" -mcpu=cortex-a9 -mfpu=vfpv3 -mfloat-abi=hard -I../../sdcard_led_switch_bsp/ps7_cortexa9_0/include -MMD -MP -MF"src/sdcard-led.d" -MT"src/sdcard-led.o" -o "src/sdcard-led.o" "../src/sdcard-led.c"
../src/sdcard-led.c: In function 'main':
../src/sdcard-led.c:156:14: error: 'i' undeclared (first use in this function)
          for(i=0;i<300000; i++);
              ^
../src/sdcard-led.c:156:14: note: each undeclared identifier is reported only once for each function it appears in
../src/sdcard-led.c: In function 'writeFile':
../src/sdcard-led.c:166:17: warning: assignment makes integer from pointer without a cast [-Wint-conversion]
    FileName[32] = "file1.bin";
                 ^
../src/sdcard-led.c:169:17: warning: assignment makes integer from pointer without a cast [-Wint-conversion]
    FileName[32] = "file2.bin";
                 ^
../src/sdcard-led.c:172:17: warning: assignment makes integer from pointer without a cast [-Wint-conversion]
    FileName[32] = "file3.bin";
                 ^
../src/sdcard-led.c:175:17: warning: assignment makes integer from pointer without a cast [-Wint-conversion]
    FileName[32] = "";
                 ^
../src/sdcard-led.c: In function 'readFile':
../src/sdcard-led.c:258:17: warning: assignment makes integer from pointer without a cast [-Wint-conversion]
    FileName[32] = "file1.bin";
                 ^
../src/sdcard-led.c:261:17: warning: assignment makes integer from pointer without a cast [-Wint-conversion]
    FileName[32] = "file2.bin";
                 ^
../src/sdcard-led.c:264:17: warning: assignment makes integer from pointer without a cast [-Wint-conversion]
    FileName[32] = "file3.bin";
                 ^
../src/sdcard-led.c:267:17: warning: assignment makes integer from pointer without a cast [-Wint-conversion]
    FileName[32] = "";
                 ^
make: *** [src/sdcard-led.o] Error 1
21:35:28 **** Auto Build of configuration Debug for project sdcard_led_switch ****
make pre-build main-build 
a9-linaro-pre-build-step
' '
'Building file: ../src/sdcard-led.c'
'Invoking: ARM v7 gcc compiler'
arm-none-eabi-gcc -Wall -O0 -g3 -c -fmessage-length=0 -MT"src/sdcard-led.o" -mcpu=cortex-a9 -mfpu=vfpv3 -mfloat-abi=hard -I../../sdcard_led_switch_bsp/ps7_cortexa9_0/include -MMD -MP -MF"src/sdcard-led.d" -MT"src/sdcard-led.o" -o "src/sdcard-led.o" "../src/sdcard-led.c"
../src/sdcard-led.c: In function 'writeFile':
../src/sdcard-led.c:167:17: warning: assignment makes integer from pointer without a cast [-Wint-conversion]
    FileName[32] = "file1.bin";
                 ^
../src/sdcard-led.c:170:17: warning: assignment makes integer from pointer without a cast [-Wint-conversion]
    FileName[32] = "file2.bin";
                 ^
../src/sdcard-led.c:173:17: warning: assignment makes integer from pointer without a cast [-Wint-conversion]
    FileName[32] = "file3.bin";
                 ^
../src/sdcard-led.c:176:17: warning: assignment makes integer from pointer without a cast [-Wint-conversion]
    FileName[32] = "";
                 ^
../src/sdcard-led.c: In function 'readFile':
../src/sdcard-led.c:259:17: warning: assignment makes integer from pointer without a cast [-Wint-conversion]
    FileName[32] = "file1.bin";
                 ^
../src/sdcard-led.c:262:17: warning: assignment makes integer from pointer without a cast [-Wint-conversion]
    FileName[32] = "file2.bin";
                 ^
../src/sdcard-led.c:265:17: warning: assignment makes integer from pointer without a cast [-Wint-conversion]
    FileName[32] = "file3.bin";
                 ^
../src/sdcard-led.c:268:17: warning: assignment makes integer from pointer without a cast [-Wint-conversion]
    FileName[32] = "";
                 ^
'Finished building: ../src/sdcard-led.c'
' '
'Building target: sdcard_led_switch.elf'
'Invoking: ARM v7 gcc linker'
arm-none-eabi-gcc -mcpu=cortex-a9 -mfpu=vfpv3 -mfloat-abi=hard -Wl,-build-id=none -specs=Xilinx.spec -Wl,-T -Wl,../src/lscript.ld -L../../sdcard_led_switch_bsp/ps7_cortexa9_0/lib -o "sdcard_led_switch.elf"  ./src/platform.o ./src/sdcard-led.o   -Wl,--start-group,-lxil,-lgcc,-lc,-lxilffs,--end-group
'Finished building target: sdcard_led_switch.elf'
' '
'Invoking: ARM v7 Print Size'
arm-none-eabi-size sdcard_led_switch.elf  |tee "sdcard_led_switch.elf.size"
   text	   data	    bss	    dec	    hex	filename
  51408	   1256	20996640	21049304	1412fd8	sdcard_led_switch.elf
'Finished building: sdcard_led_switch.elf.size'
' '
21:35:34 **** Incremental Build of configuration Debug for project sdcard_led_switch ****
make pre-build main-build 
a9-linaro-pre-build-step
' '
make: Nothing to be done for `main-build'.
21:36:08 **** Incremental Build of configuration Debug for project sdcard_led_switch ****
make pre-build main-build 
a9-linaro-pre-build-step
' '
make: Nothing to be done for `main-build'.
21:42:00 **** Incremental Build of configuration Debug for project sdcard_led_switch ****
make pre-build main-build 
a9-linaro-pre-build-step
' '
make: Nothing to be done for `main-build'.
21:42:52 **** Incremental Build of configuration Debug for project sdcard_led_switch ****
make pre-build main-build 
a9-linaro-pre-build-step
' '
make: Nothing to be done for `main-build'.
21:44:27 **** Auto Build of configuration Debug for project sdcard_led_switch ****
make pre-build main-build 
a9-linaro-pre-build-step
' '
'Building file: ../src/sdcard-led.c'
'Invoking: ARM v7 gcc compiler'
arm-none-eabi-gcc -Wall -O0 -g3 -c -fmessage-length=0 -MT"src/sdcard-led.o" -mcpu=cortex-a9 -mfpu=vfpv3 -mfloat-abi=hard -I../../sdcard_led_switch_bsp/ps7_cortexa9_0/include -MMD -MP -MF"src/sdcard-led.d" -MT"src/sdcard-led.o" -o "src/sdcard-led.o" "../src/sdcard-led.c"
../src/sdcard-led.c: In function 'main':
../src/sdcard-led.c:84:6: warning: unused variable 'previous_request' [-Wunused-variable]
  int previous_request = 0;
      ^~~~~~~~~~~~~~~~
../src/sdcard-led.c: In function 'writeFile':
../src/sdcard-led.c:168:17: warning: assignment makes integer from pointer without a cast [-Wint-conversion]
    FileName[32] = "file1.bin";
                 ^
../src/sdcard-led.c:171:17: warning: assignment makes integer from pointer without a cast [-Wint-conversion]
    FileName[32] = "file2.bin";
                 ^
../src/sdcard-led.c:174:17: warning: assignment makes integer from pointer without a cast [-Wint-conversion]
    FileName[32] = "file3.bin";
                 ^
../src/sdcard-led.c:177:17: warning: assignment makes integer from pointer without a cast [-Wint-conversion]
    FileName[32] = "";
                 ^
../src/sdcard-led.c: In function 'readFile':
../src/sdcard-led.c:260:17: warning: assignment makes integer from pointer without a cast [-Wint-conversion]
    FileName[32] = "file1.bin";
                 ^
../src/sdcard-led.c:263:17: warning: assignment makes integer from pointer without a cast [-Wint-conversion]
    FileName[32] = "file2.bin";
                 ^
../src/sdcard-led.c:266:17: warning: assignment makes integer from pointer without a cast [-Wint-conversion]
    FileName[32] = "file3.bin";
                 ^
../src/sdcard-led.c:269:17: warning: assignment makes integer from pointer without a cast [-Wint-conversion]
    FileName[32] = "";
                 ^
'Finished building: ../src/sdcard-led.c'
' '
'Building target: sdcard_led_switch.elf'
'Invoking: ARM v7 gcc linker'
arm-none-eabi-gcc -mcpu=cortex-a9 -mfpu=vfpv3 -mfloat-abi=hard -Wl,-build-id=none -specs=Xilinx.spec -Wl,-T -Wl,../src/lscript.ld -L../../sdcard_led_switch_bsp/ps7_cortexa9_0/lib -o "sdcard_led_switch.elf"  ./src/platform.o ./src/sdcard-led.o   -Wl,--start-group,-lxil,-lgcc,-lc,-lxilffs,--end-group
'Finished building target: sdcard_led_switch.elf'
' '
'Invoking: ARM v7 Print Size'
arm-none-eabi-size sdcard_led_switch.elf  |tee "sdcard_led_switch.elf.size"
   text	   data	    bss	    dec	    hex	filename
  51408	   1256	20996640	21049304	1412fd8	sdcard_led_switch.elf
'Finished building: sdcard_led_switch.elf.size'
' '
21:45:40 **** Auto Build of configuration Debug for project sdcard_led_switch ****
make pre-build main-build 
a9-linaro-pre-build-step
' '
'Building file: ../src/sdcard-led.c'
'Invoking: ARM v7 gcc compiler'
arm-none-eabi-gcc -Wall -O0 -g3 -c -fmessage-length=0 -MT"src/sdcard-led.o" -mcpu=cortex-a9 -mfpu=vfpv3 -mfloat-abi=hard -I../../sdcard_led_switch_bsp/ps7_cortexa9_0/include -MMD -MP -MF"src/sdcard-led.d" -MT"src/sdcard-led.o" -o "src/sdcard-led.o" "../src/sdcard-led.c"
../src/sdcard-led.c: In function 'writeFile':
../src/sdcard-led.c:172:17: warning: assignment makes integer from pointer without a cast [-Wint-conversion]
    FileName[32] = "file1.bin";
                 ^
../src/sdcard-led.c:175:17: warning: assignment makes integer from pointer without a cast [-Wint-conversion]
    FileName[32] = "file2.bin";
                 ^
../src/sdcard-led.c:178:17: warning: assignment makes integer from pointer without a cast [-Wint-conversion]
    FileName[32] = "file3.bin";
                 ^
../src/sdcard-led.c:181:17: warning: assignment makes integer from pointer without a cast [-Wint-conversion]
    FileName[32] = "";
                 ^
../src/sdcard-led.c: In function 'readFile':
../src/sdcard-led.c:264:17: warning: assignment makes integer from pointer without a cast [-Wint-conversion]
    FileName[32] = "file1.bin";
                 ^
../src/sdcard-led.c:267:17: warning: assignment makes integer from pointer without a cast [-Wint-conversion]
    FileName[32] = "file2.bin";
                 ^
../src/sdcard-led.c:270:17: warning: assignment makes integer from pointer without a cast [-Wint-conversion]
    FileName[32] = "file3.bin";
                 ^
../src/sdcard-led.c:273:17: warning: assignment makes integer from pointer without a cast [-Wint-conversion]
    FileName[32] = "";
                 ^
'Finished building: ../src/sdcard-led.c'
' '
'Building target: sdcard_led_switch.elf'
'Invoking: ARM v7 gcc linker'
arm-none-eabi-gcc -mcpu=cortex-a9 -mfpu=vfpv3 -mfloat-abi=hard -Wl,-build-id=none -specs=Xilinx.spec -Wl,-T -Wl,../src/lscript.ld -L../../sdcard_led_switch_bsp/ps7_cortexa9_0/lib -o "sdcard_led_switch.elf"  ./src/platform.o ./src/sdcard-led.o   -Wl,--start-group,-lxil,-lgcc,-lc,-lxilffs,--end-group
'Finished building target: sdcard_led_switch.elf'
' '
'Invoking: ARM v7 Print Size'
arm-none-eabi-size sdcard_led_switch.elf  |tee "sdcard_led_switch.elf.size"
   text	   data	    bss	    dec	    hex	filename
  51408	   1256	20996640	21049304	1412fd8	sdcard_led_switch.elf
'Finished building: sdcard_led_switch.elf.size'
' '
21:45:46 **** Auto Build of configuration Debug for project sdcard_led_switch ****
make pre-build main-build 
a9-linaro-pre-build-step
' '
'Building file: ../src/sdcard-led.c'
'Invoking: ARM v7 gcc compiler'
arm-none-eabi-gcc -Wall -O0 -g3 -c -fmessage-length=0 -MT"src/sdcard-led.o" -mcpu=cortex-a9 -mfpu=vfpv3 -mfloat-abi=hard -I../../sdcard_led_switch_bsp/ps7_cortexa9_0/include -MMD -MP -MF"src/sdcard-led.d" -MT"src/sdcard-led.o" -o "src/sdcard-led.o" "../src/sdcard-led.c"
../src/sdcard-led.c: In function 'writeFile':
../src/sdcard-led.c:172:17: warning: assignment makes integer from pointer without a cast [-Wint-conversion]
    FileName[32] = "file1.bin";
                 ^
../src/sdcard-led.c:175:17: warning: assignment makes integer from pointer without a cast [-Wint-conversion]
    FileName[32] = "file2.bin";
                 ^
../src/sdcard-led.c:178:17: warning: assignment makes integer from pointer without a cast [-Wint-conversion]
    FileName[32] = "file3.bin";
                 ^
../src/sdcard-led.c:181:17: warning: assignment makes integer from pointer without a cast [-Wint-conversion]
    FileName[32] = "";
                 ^
../src/sdcard-led.c: In function 'readFile':
../src/sdcard-led.c:264:17: warning: assignment makes integer from pointer without a cast [-Wint-conversion]
    FileName[32] = "file1.bin";
                 ^
../src/sdcard-led.c:267:17: warning: assignment makes integer from pointer without a cast [-Wint-conversion]
    FileName[32] = "file2.bin";
                 ^
../src/sdcard-led.c:270:17: warning: assignment makes integer from pointer without a cast [-Wint-conversion]
    FileName[32] = "file3.bin";
                 ^
../src/sdcard-led.c:273:17: warning: assignment makes integer from pointer without a cast [-Wint-conversion]
    FileName[32] = "";
                 ^
'Finished building: ../src/sdcard-led.c'
' '
'Building target: sdcard_led_switch.elf'
'Invoking: ARM v7 gcc linker'
arm-none-eabi-gcc -mcpu=cortex-a9 -mfpu=vfpv3 -mfloat-abi=hard -Wl,-build-id=none -specs=Xilinx.spec -Wl,-T -Wl,../src/lscript.ld -L../../sdcard_led_switch_bsp/ps7_cortexa9_0/lib -o "sdcard_led_switch.elf"  ./src/platform.o ./src/sdcard-led.o   -Wl,--start-group,-lxil,-lgcc,-lc,-lxilffs,--end-group
'Finished building target: sdcard_led_switch.elf'
' '
'Invoking: ARM v7 Print Size'
arm-none-eabi-size sdcard_led_switch.elf  |tee "sdcard_led_switch.elf.size"
   text	   data	    bss	    dec	    hex	filename
  51408	   1256	20996640	21049304	1412fd8	sdcard_led_switch.elf
'Finished building: sdcard_led_switch.elf.size'
' '
21:46:10 **** Auto Build of configuration Debug for project sdcard_led_switch ****
make pre-build main-build 
a9-linaro-pre-build-step
' '
'Building file: ../src/sdcard-led.c'
'Invoking: ARM v7 gcc compiler'
arm-none-eabi-gcc -Wall -O0 -g3 -c -fmessage-length=0 -MT"src/sdcard-led.o" -mcpu=cortex-a9 -mfpu=vfpv3 -mfloat-abi=hard -I../../sdcard_led_switch_bsp/ps7_cortexa9_0/include -MMD -MP -MF"src/sdcard-led.d" -MT"src/sdcard-led.o" -o "src/sdcard-led.o" "../src/sdcard-led.c"
../src/sdcard-led.c: In function 'writeFile':
../src/sdcard-led.c:173:17: warning: assignment makes integer from pointer without a cast [-Wint-conversion]
    FileName[32] = "file1.bin";
                 ^
../src/sdcard-led.c:176:17: warning: assignment makes integer from pointer without a cast [-Wint-conversion]
    FileName[32] = "file2.bin";
                 ^
../src/sdcard-led.c:179:17: warning: assignment makes integer from pointer without a cast [-Wint-conversion]
    FileName[32] = "file3.bin";
                 ^
../src/sdcard-led.c:182:17: warning: assignment makes integer from pointer without a cast [-Wint-conversion]
    FileName[32] = "";
                 ^
../src/sdcard-led.c: In function 'readFile':
../src/sdcard-led.c:265:17: warning: assignment makes integer from pointer without a cast [-Wint-conversion]
    FileName[32] = "file1.bin";
                 ^
../src/sdcard-led.c:268:17: warning: assignment makes integer from pointer without a cast [-Wint-conversion]
    FileName[32] = "file2.bin";
                 ^
../src/sdcard-led.c:271:17: warning: assignment makes integer from pointer without a cast [-Wint-conversion]
    FileName[32] = "file3.bin";
                 ^
../src/sdcard-led.c:274:17: warning: assignment makes integer from pointer without a cast [-Wint-conversion]
    FileName[32] = "";
                 ^
'Finished building: ../src/sdcard-led.c'
' '
'Building target: sdcard_led_switch.elf'
'Invoking: ARM v7 gcc linker'
arm-none-eabi-gcc -mcpu=cortex-a9 -mfpu=vfpv3 -mfloat-abi=hard -Wl,-build-id=none -specs=Xilinx.spec -Wl,-T -Wl,../src/lscript.ld -L../../sdcard_led_switch_bsp/ps7_cortexa9_0/lib -o "sdcard_led_switch.elf"  ./src/platform.o ./src/sdcard-led.o   -Wl,--start-group,-lxil,-lgcc,-lc,-lxilffs,--end-group
'Finished building target: sdcard_led_switch.elf'
' '
'Invoking: ARM v7 Print Size'
arm-none-eabi-size sdcard_led_switch.elf  |tee "sdcard_led_switch.elf.size"
   text	   data	    bss	    dec	    hex	filename
  51408	   1256	20996640	21049304	1412fd8	sdcard_led_switch.elf
'Finished building: sdcard_led_switch.elf.size'
' '
21:46:17 **** Auto Build of configuration Debug for project sdcard_led_switch ****
make pre-build main-build 
a9-linaro-pre-build-step
' '
'Building file: ../src/sdcard-led.c'
'Invoking: ARM v7 gcc compiler'
arm-none-eabi-gcc -Wall -O0 -g3 -c -fmessage-length=0 -MT"src/sdcard-led.o" -mcpu=cortex-a9 -mfpu=vfpv3 -mfloat-abi=hard -I../../sdcard_led_switch_bsp/ps7_cortexa9_0/include -MMD -MP -MF"src/sdcard-led.d" -MT"src/sdcard-led.o" -o "src/sdcard-led.o" "../src/sdcard-led.c"
../src/sdcard-led.c: In function 'writeFile':
../src/sdcard-led.c:173:17: warning: assignment makes integer from pointer without a cast [-Wint-conversion]
    FileName[32] = "file1.bin";
                 ^
../src/sdcard-led.c:176:17: warning: assignment makes integer from pointer without a cast [-Wint-conversion]
    FileName[32] = "file2.bin";
                 ^
../src/sdcard-led.c:179:17: warning: assignment makes integer from pointer without a cast [-Wint-conversion]
    FileName[32] = "file3.bin";
                 ^
../src/sdcard-led.c:182:17: warning: assignment makes integer from pointer without a cast [-Wint-conversion]
    FileName[32] = "";
                 ^
../src/sdcard-led.c: In function 'readFile':
../src/sdcard-led.c:265:17: warning: assignment makes integer from pointer without a cast [-Wint-conversion]
    FileName[32] = "file1.bin";
                 ^
../src/sdcard-led.c:268:17: warning: assignment makes integer from pointer without a cast [-Wint-conversion]
    FileName[32] = "file2.bin";
                 ^
../src/sdcard-led.c:271:17: warning: assignment makes integer from pointer without a cast [-Wint-conversion]
    FileName[32] = "file3.bin";
                 ^
../src/sdcard-led.c:274:17: warning: assignment makes integer from pointer without a cast [-Wint-conversion]
    FileName[32] = "";
                 ^
'Finished building: ../src/sdcard-led.c'
' '
'Building target: sdcard_led_switch.elf'
'Invoking: ARM v7 gcc linker'
arm-none-eabi-gcc -mcpu=cortex-a9 -mfpu=vfpv3 -mfloat-abi=hard -Wl,-build-id=none -specs=Xilinx.spec -Wl,-T -Wl,../src/lscript.ld -L../../sdcard_led_switch_bsp/ps7_cortexa9_0/lib -o "sdcard_led_switch.elf"  ./src/platform.o ./src/sdcard-led.o   -Wl,--start-group,-lxil,-lgcc,-lc,-lxilffs,--end-group
'Finished building target: sdcard_led_switch.elf'
' '
'Invoking: ARM v7 Print Size'
arm-none-eabi-size sdcard_led_switch.elf  |tee "sdcard_led_switch.elf.size"
   text	   data	    bss	    dec	    hex	filename
  51408	   1256	20996640	21049304	1412fd8	sdcard_led_switch.elf
'Finished building: sdcard_led_switch.elf.size'
' '
21:46:44 **** Incremental Build of configuration Debug for project sdcard_led_switch ****
make pre-build main-build 
a9-linaro-pre-build-step
' '
make: Nothing to be done for `main-build'.
21:50:56 **** Auto Build of configuration Debug for project sdcard_led_switch ****
make pre-build main-build 
a9-linaro-pre-build-step
' '
'Building file: ../src/sdcard-led.c'
'Invoking: ARM v7 gcc compiler'
arm-none-eabi-gcc -Wall -O0 -g3 -c -fmessage-length=0 -MT"src/sdcard-led.o" -mcpu=cortex-a9 -mfpu=vfpv3 -mfloat-abi=hard -I../../sdcard_led_switch_bsp/ps7_cortexa9_0/include -MMD -MP -MF"src/sdcard-led.d" -MT"src/sdcard-led.o" -o "src/sdcard-led.o" "../src/sdcard-led.c"
../src/sdcard-led.c: In function 'writeFile':
../src/sdcard-led.c:173:17: warning: assignment makes integer from pointer without a cast [-Wint-conversion]
    FileName[32] = "file1.bin";
                 ^
../src/sdcard-led.c:176:17: warning: assignment makes integer from pointer without a cast [-Wint-conversion]
    FileName[32] = "file2.bin";
                 ^
../src/sdcard-led.c:179:17: warning: assignment makes integer from pointer without a cast [-Wint-conversion]
    FileName[32] = "file3.bin";
                 ^
../src/sdcard-led.c:182:17: warning: assignment makes integer from pointer without a cast [-Wint-conversion]
    FileName[32] = "";
                 ^
../src/sdcard-led.c: In function 'readFile':
../src/sdcard-led.c:266:17: warning: assignment makes integer from pointer without a cast [-Wint-conversion]
    FileName[32] = "file1.bin";
                 ^
../src/sdcard-led.c:269:17: warning: assignment makes integer from pointer without a cast [-Wint-conversion]
    FileName[32] = "file2.bin";
                 ^
../src/sdcard-led.c:272:17: warning: assignment makes integer from pointer without a cast [-Wint-conversion]
    FileName[32] = "file3.bin";
                 ^
../src/sdcard-led.c:275:17: warning: assignment makes integer from pointer without a cast [-Wint-conversion]
    FileName[32] = "";
                 ^
'Finished building: ../src/sdcard-led.c'
' '
'Building target: sdcard_led_switch.elf'
'Invoking: ARM v7 gcc linker'
arm-none-eabi-gcc -mcpu=cortex-a9 -mfpu=vfpv3 -mfloat-abi=hard -Wl,-build-id=none -specs=Xilinx.spec -Wl,-T -Wl,../src/lscript.ld -L../../sdcard_led_switch_bsp/ps7_cortexa9_0/lib -o "sdcard_led_switch.elf"  ./src/platform.o ./src/sdcard-led.o   -Wl,--start-group,-lxil,-lgcc,-lc,-lxilffs,--end-group
'Finished building target: sdcard_led_switch.elf'
' '
'Invoking: ARM v7 Print Size'
arm-none-eabi-size sdcard_led_switch.elf  |tee "sdcard_led_switch.elf.size"
   text	   data	    bss	    dec	    hex	filename
  51508	   1256	20996640	21049404	141303c	sdcard_led_switch.elf
'Finished building: sdcard_led_switch.elf.size'
' '
21:51:05 **** Incremental Build of configuration Debug for project sdcard_led_switch ****
make pre-build main-build 
a9-linaro-pre-build-step
' '
make: Nothing to be done for `main-build'.
21:51:49 **** Auto Build of configuration Debug for project sdcard_led_switch ****
make pre-build main-build 
a9-linaro-pre-build-step
' '
'Building file: ../src/sdcard-led.c'
'Invoking: ARM v7 gcc compiler'
arm-none-eabi-gcc -Wall -O0 -g3 -c -fmessage-length=0 -MT"src/sdcard-led.o" -mcpu=cortex-a9 -mfpu=vfpv3 -mfloat-abi=hard -I../../sdcard_led_switch_bsp/ps7_cortexa9_0/include -MMD -MP -MF"src/sdcard-led.d" -MT"src/sdcard-led.o" -o "src/sdcard-led.o" "../src/sdcard-led.c"
../src/sdcard-led.c: In function 'writeFile':
../src/sdcard-led.c:173:13: error: assignment to expression with array type
    FileName = "file1.bin";
             ^
../src/sdcard-led.c:176:13: error: assignment to expression with array type
    FileName = "file2.bin";
             ^
../src/sdcard-led.c:179:13: error: assignment to expression with array type
    FileName = "file3.bin";
             ^
../src/sdcard-led.c:182:13: error: assignment to expression with array type
    FileName = "";
             ^
../src/sdcard-led.c: In function 'readFile':
../src/sdcard-led.c:266:17: warning: assignment makes integer from pointer without a cast [-Wint-conversion]
    FileName[32] = "file1.bin";
                 ^
../src/sdcard-led.c:269:17: warning: assignment makes integer from pointer without a cast [-Wint-conversion]
    FileName[32] = "file2.bin";
                 ^
../src/sdcard-led.c:272:17: warning: assignment makes integer from pointer without a cast [-Wint-conversion]
    FileName[32] = "file3.bin";
                 ^
../src/sdcard-led.c:275:17: warning: assignment makes integer from pointer without a cast [-Wint-conversion]
    FileName[32] = "";
                 ^
make: *** [src/sdcard-led.o] Error 1
21:51:57 **** Auto Build of configuration Debug for project sdcard_led_switch ****
make pre-build main-build 
a9-linaro-pre-build-step
' '
'Building file: ../src/sdcard-led.c'
'Invoking: ARM v7 gcc compiler'
arm-none-eabi-gcc -Wall -O0 -g3 -c -fmessage-length=0 -MT"src/sdcard-led.o" -mcpu=cortex-a9 -mfpu=vfpv3 -mfloat-abi=hard -I../../sdcard_led_switch_bsp/ps7_cortexa9_0/include -MMD -MP -MF"src/sdcard-led.d" -MT"src/sdcard-led.o" -o "src/sdcard-led.o" "../src/sdcard-led.c"
../src/sdcard-led.c: In function 'writeFile':
../src/sdcard-led.c:173:13: error: assignment to expression with array type
    FileName = "file1.bin";
             ^
../src/sdcard-led.c:176:13: error: assignment to expression with array type
    FileName = "file2.bin";
             ^
../src/sdcard-led.c:179:13: error: assignment to expression with array type
    FileName = "file3.bin";
             ^
../src/sdcard-led.c:182:13: error: assignment to expression with array type
    FileName = "";
             ^
../src/sdcard-led.c: In function 'readFile':
../src/sdcard-led.c:266:13: error: assignment to expression with array type
    FileName = "file1.bin";
             ^
../src/sdcard-led.c:269:13: error: assignment to expression with array type
    FileName = "file2.bin";
             ^
../src/sdcard-led.c:272:13: error: assignment to expression with array type
    FileName = "file3.bin";
             ^
../src/sdcard-led.c:275:13: error: assignment to expression with array type
    FileName = "";
             ^
make: *** [src/sdcard-led.o] Error 1
21:52:11 **** Auto Build of configuration Debug for project sdcard_led_switch ****
make pre-build main-build 
a9-linaro-pre-build-step
' '
'Building file: ../src/sdcard-led.c'
'Invoking: ARM v7 gcc compiler'
arm-none-eabi-gcc -Wall -O0 -g3 -c -fmessage-length=0 -MT"src/sdcard-led.o" -mcpu=cortex-a9 -mfpu=vfpv3 -mfloat-abi=hard -I../../sdcard_led_switch_bsp/ps7_cortexa9_0/include -MMD -MP -MF"src/sdcard-led.d" -MT"src/sdcard-led.o" -o "src/sdcard-led.o" "../src/sdcard-led.c"
../src/sdcard-led.c: In function 'writeFile':
../src/sdcard-led.c:173:13: error: assignment to expression with array type
    FileName = "file1.bin";
             ^
../src/sdcard-led.c:176:13: error: assignment to expression with array type
    FileName = "file2.bin";
             ^
../src/sdcard-led.c:179:13: error: assignment to expression with array type
    FileName = "file3.bin";
             ^
../src/sdcard-led.c:182:13: error: assignment to expression with array type
    FileName = "";
             ^
../src/sdcard-led.c: In function 'readFile':
../src/sdcard-led.c:266:13: error: expected expression before ']' token
    FileName[] = "file1.bin";
             ^
../src/sdcard-led.c:269:13: error: expected expression before ']' token
    FileName[] = "file2.bin";
             ^
../src/sdcard-led.c:272:13: error: expected expression before ']' token
    FileName[] = "file3.bin";
             ^
../src/sdcard-led.c:275:13: error: expected expression before ']' token
    FileName[] = "";
             ^
make: *** [src/sdcard-led.o] Error 1
21:53:59 **** Auto Build of configuration Debug for project sdcard_led_switch ****
make pre-build main-build 
a9-linaro-pre-build-step
' '
'Building file: ../src/sdcard-led.c'
'Invoking: ARM v7 gcc compiler'
arm-none-eabi-gcc -Wall -O0 -g3 -c -fmessage-length=0 -MT"src/sdcard-led.o" -mcpu=cortex-a9 -mfpu=vfpv3 -mfloat-abi=hard -I../../sdcard_led_switch_bsp/ps7_cortexa9_0/include -MMD -MP -MF"src/sdcard-led.d" -MT"src/sdcard-led.o" -o "src/sdcard-led.o" "../src/sdcard-led.c"
../src/sdcard-led.c: In function 'writeFile':
../src/sdcard-led.c:174:13: error: assignment to expression with array type
    FileName = "file1.bin";
             ^
../src/sdcard-led.c:177:13: error: assignment to expression with array type
    FileName = "file2.bin";
             ^
../src/sdcard-led.c:180:13: error: assignment to expression with array type
    FileName = "file3.bin";
             ^
../src/sdcard-led.c:183:13: error: assignment to expression with array type
    FileName = "";
             ^
../src/sdcard-led.c: In function 'readFile':
../src/sdcard-led.c:267:13: error: expected expression before ']' token
    FileName[] = "file1.bin";
             ^
../src/sdcard-led.c:270:13: error: expected expression before ']' token
    FileName[] = "file2.bin";
             ^
../src/sdcard-led.c:273:13: error: expected expression before ']' token
    FileName[] = "file3.bin";
             ^
../src/sdcard-led.c:276:13: error: expected expression before ']' token
    FileName[] = "";
             ^
make: *** [src/sdcard-led.o] Error 1
21:54:05 **** Auto Build of configuration Debug for project sdcard_led_switch ****
make pre-build main-build 
a9-linaro-pre-build-step
' '
'Building file: ../src/sdcard-led.c'
'Invoking: ARM v7 gcc compiler'
arm-none-eabi-gcc -Wall -O0 -g3 -c -fmessage-length=0 -MT"src/sdcard-led.o" -mcpu=cortex-a9 -mfpu=vfpv3 -mfloat-abi=hard -I../../sdcard_led_switch_bsp/ps7_cortexa9_0/include -MMD -MP -MF"src/sdcard-led.d" -MT"src/sdcard-led.o" -o "src/sdcard-led.o" "../src/sdcard-led.c"
../src/sdcard-led.c: In function 'writeFile':
../src/sdcard-led.c:177:13: error: assignment to expression with array type
    FileName = "file2.bin";
             ^
../src/sdcard-led.c:180:13: error: assignment to expression with array type
    FileName = "file3.bin";
             ^
../src/sdcard-led.c:183:13: error: assignment to expression with array type
    FileName = "";
             ^
../src/sdcard-led.c: In function 'readFile':
../src/sdcard-led.c:267:13: error: expected expression before ']' token
    FileName[] = "file1.bin";
             ^
../src/sdcard-led.c:270:13: error: expected expression before ']' token
    FileName[] = "file2.bin";
             ^
../src/sdcard-led.c:273:13: error: expected expression before ']' token
    FileName[] = "file3.bin";
             ^
../src/sdcard-led.c:276:13: error: expected expression before ']' token
    FileName[] = "";
             ^
make: *** [src/sdcard-led.o] Error 1
21:54:29 **** Auto Build of configuration Debug for project sdcard_led_switch ****
make pre-build main-build 
a9-linaro-pre-build-step
' '
'Building file: ../src/sdcard-led.c'
'Invoking: ARM v7 gcc compiler'
arm-none-eabi-gcc -Wall -O0 -g3 -c -fmessage-length=0 -MT"src/sdcard-led.o" -mcpu=cortex-a9 -mfpu=vfpv3 -mfloat-abi=hard -I../../sdcard_led_switch_bsp/ps7_cortexa9_0/include -MMD -MP -MF"src/sdcard-led.d" -MT"src/sdcard-led.o" -o "src/sdcard-led.o" "../src/sdcard-led.c"
../src/sdcard-led.c: In function 'readFile':
../src/sdcard-led.c:270:13: error: expected expression before ']' token
    FileName[] = "file1.bin";
             ^
../src/sdcard-led.c:273:13: error: expected expression before ']' token
    FileName[] = "file2.bin";
             ^
../src/sdcard-led.c:276:13: error: expected expression before ']' token
    FileName[] = "file3.bin";
             ^
../src/sdcard-led.c:279:13: error: expected expression before ']' token
    FileName[] = "";
             ^
make: *** [src/sdcard-led.o] Error 1
21:55:05 **** Auto Build of configuration Debug for project sdcard_led_switch ****
make pre-build main-build 
a9-linaro-pre-build-step
' '
'Building file: ../src/sdcard-led.c'
'Invoking: ARM v7 gcc compiler'
arm-none-eabi-gcc -Wall -O0 -g3 -c -fmessage-length=0 -MT"src/sdcard-led.o" -mcpu=cortex-a9 -mfpu=vfpv3 -mfloat-abi=hard -I../../sdcard_led_switch_bsp/ps7_cortexa9_0/include -MMD -MP -MF"src/sdcard-led.d" -MT"src/sdcard-led.o" -o "src/sdcard-led.o" "../src/sdcard-led.c"
'Finished building: ../src/sdcard-led.c'
' '
'Building target: sdcard_led_switch.elf'
'Invoking: ARM v7 gcc linker'
arm-none-eabi-gcc -mcpu=cortex-a9 -mfpu=vfpv3 -mfloat-abi=hard -Wl,-build-id=none -specs=Xilinx.spec -Wl,-T -Wl,../src/lscript.ld -L../../sdcard_led_switch_bsp/ps7_cortexa9_0/lib -o "sdcard_led_switch.elf"  ./src/platform.o ./src/sdcard-led.o   -Wl,--start-group,-lxil,-lgcc,-lc,-lxilffs,--end-group
'Finished building target: sdcard_led_switch.elf'
' '
'Invoking: ARM v7 Print Size'
arm-none-eabi-size sdcard_led_switch.elf  |tee "sdcard_led_switch.elf.size"
   text	   data	    bss	    dec	    hex	filename
  51728	   1256	20996640	21049624	1413118	sdcard_led_switch.elf
'Finished building: sdcard_led_switch.elf.size'
' '
21:55:20 **** Auto Build of configuration Debug for project sdcard_led_switch ****
make pre-build main-build 
a9-linaro-pre-build-step
' '
'Building file: ../src/sdcard-led.c'
'Invoking: ARM v7 gcc compiler'
arm-none-eabi-gcc -Wall -O0 -g3 -c -fmessage-length=0 -MT"src/sdcard-led.o" -mcpu=cortex-a9 -mfpu=vfpv3 -mfloat-abi=hard -I../../sdcard_led_switch_bsp/ps7_cortexa9_0/include -MMD -MP -MF"src/sdcard-led.d" -MT"src/sdcard-led.o" -o "src/sdcard-led.o" "../src/sdcard-led.c"
'Finished building: ../src/sdcard-led.c'
' '
'Building target: sdcard_led_switch.elf'
'Invoking: ARM v7 gcc linker'
arm-none-eabi-gcc -mcpu=cortex-a9 -mfpu=vfpv3 -mfloat-abi=hard -Wl,-build-id=none -specs=Xilinx.spec -Wl,-T -Wl,../src/lscript.ld -L../../sdcard_led_switch_bsp/ps7_cortexa9_0/lib -o "sdcard_led_switch.elf"  ./src/platform.o ./src/sdcard-led.o   -Wl,--start-group,-lxil,-lgcc,-lc,-lxilffs,--end-group
'Finished building target: sdcard_led_switch.elf'
' '
'Invoking: ARM v7 Print Size'
arm-none-eabi-size sdcard_led_switch.elf  |tee "sdcard_led_switch.elf.size"
   text	   data	    bss	    dec	    hex	filename
  51760	   1256	20996640	21049656	1413138	sdcard_led_switch.elf
'Finished building: sdcard_led_switch.elf.size'
' '
21:55:28 **** Incremental Build of configuration Debug for project sdcard_led_switch ****
make pre-build main-build 
a9-linaro-pre-build-step
' '
make: Nothing to be done for `main-build'.
21:58:35 **** Auto Build of configuration Debug for project sdcard_led_switch ****
make pre-build main-build 
a9-linaro-pre-build-step
' '
'Building file: ../src/sdcard-led.c'
'Invoking: ARM v7 gcc compiler'
arm-none-eabi-gcc -Wall -O0 -g3 -c -fmessage-length=0 -MT"src/sdcard-led.o" -mcpu=cortex-a9 -mfpu=vfpv3 -mfloat-abi=hard -I../../sdcard_led_switch_bsp/ps7_cortexa9_0/include -MMD -MP -MF"src/sdcard-led.d" -MT"src/sdcard-led.o" -o "src/sdcard-led.o" "../src/sdcard-led.c"
../src/sdcard-led.c: In function 'writeFile':
../src/sdcard-led.c:215:2: error: 'SD_File' undeclared (first use in this function)
  SD_File = (char *)FileName;
  ^~~~~~~
../src/sdcard-led.c:215:2: note: each undeclared identifier is reported only once for each function it appears in
../src/sdcard-led.c: In function 'readFile':
../src/sdcard-led.c:307:2: error: 'SD_File' undeclared (first use in this function)
  SD_File = (char *)FileName;
  ^~~~~~~
At top level:
../src/sdcard-led.c:52:14: warning: 'SD_FileWrite' defined but not used [-Wunused-variable]
 static char *SD_FileWrite;
              ^~~~~~~~~~~~
../src/sdcard-led.c:51:14: warning: 'SD_FileRead' defined but not used [-Wunused-variable]
 static char *SD_FileRead;
              ^~~~~~~~~~~
make: *** [src/sdcard-led.o] Error 1
21:58:47 **** Auto Build of configuration Debug for project sdcard_led_switch ****
make pre-build main-build 
a9-linaro-pre-build-step
' '
'Building file: ../src/sdcard-led.c'
'Invoking: ARM v7 gcc compiler'
arm-none-eabi-gcc -Wall -O0 -g3 -c -fmessage-length=0 -MT"src/sdcard-led.o" -mcpu=cortex-a9 -mfpu=vfpv3 -mfloat-abi=hard -I../../sdcard_led_switch_bsp/ps7_cortexa9_0/include -MMD -MP -MF"src/sdcard-led.d" -MT"src/sdcard-led.o" -o "src/sdcard-led.o" "../src/sdcard-led.c"
../src/sdcard-led.c: In function 'writeFile':
../src/sdcard-led.c:217:21: error: 'SD_File' undeclared (first use in this function)
  Res = f_open(&fil, SD_File, FA_CREATE_ALWAYS | FA_WRITE | FA_READ);
                     ^~~~~~~
../src/sdcard-led.c:217:21: note: each undeclared identifier is reported only once for each function it appears in
../src/sdcard-led.c: In function 'readFile':
../src/sdcard-led.c:307:2: error: 'SD_File' undeclared (first use in this function)
  SD_File = (char *)FileName;
  ^~~~~~~
At top level:
../src/sdcard-led.c:51:14: warning: 'SD_FileRead' defined but not used [-Wunused-variable]
 static char *SD_FileRead;
              ^~~~~~~~~~~
make: *** [src/sdcard-led.o] Error 1
21:58:50 **** Auto Build of configuration Debug for project sdcard_led_switch ****
make pre-build main-build 
a9-linaro-pre-build-step
' '
'Building file: ../src/sdcard-led.c'
'Invoking: ARM v7 gcc compiler'
arm-none-eabi-gcc -Wall -O0 -g3 -c -fmessage-length=0 -MT"src/sdcard-led.o" -mcpu=cortex-a9 -mfpu=vfpv3 -mfloat-abi=hard -I../../sdcard_led_switch_bsp/ps7_cortexa9_0/include -MMD -MP -MF"src/sdcard-led.d" -MT"src/sdcard-led.o" -o "src/sdcard-led.o" "../src/sdcard-led.c"
../src/sdcard-led.c: In function 'readFile':
../src/sdcard-led.c:307:2: error: 'SD_File' undeclared (first use in this function)
  SD_File = (char *)FileName;
  ^~~~~~~
../src/sdcard-led.c:307:2: note: each undeclared identifier is reported only once for each function it appears in
At top level:
../src/sdcard-led.c:51:14: warning: 'SD_FileRead' defined but not used [-Wunused-variable]
 static char *SD_FileRead;
              ^~~~~~~~~~~
make: *** [src/sdcard-led.o] Error 1
21:59:28 **** Auto Build of configuration Debug for project sdcard_led_switch ****
make pre-build main-build 
a9-linaro-pre-build-step
' '
'Building file: ../src/sdcard-led.c'
'Invoking: ARM v7 gcc compiler'
arm-none-eabi-gcc -Wall -O0 -g3 -c -fmessage-length=0 -MT"src/sdcard-led.o" -mcpu=cortex-a9 -mfpu=vfpv3 -mfloat-abi=hard -I../../sdcard_led_switch_bsp/ps7_cortexa9_0/include -MMD -MP -MF"src/sdcard-led.d" -MT"src/sdcard-led.o" -o "src/sdcard-led.o" "../src/sdcard-led.c"
'Finished building: ../src/sdcard-led.c'
' '
'Building target: sdcard_led_switch.elf'
'Invoking: ARM v7 gcc linker'
arm-none-eabi-gcc -mcpu=cortex-a9 -mfpu=vfpv3 -mfloat-abi=hard -Wl,-build-id=none -specs=Xilinx.spec -Wl,-T -Wl,../src/lscript.ld -L../../sdcard_led_switch_bsp/ps7_cortexa9_0/lib -o "sdcard_led_switch.elf"  ./src/platform.o ./src/sdcard-led.o   -Wl,--start-group,-lxil,-lgcc,-lc,-lxilffs,--end-group
'Finished building target: sdcard_led_switch.elf'
' '
'Invoking: ARM v7 Print Size'
arm-none-eabi-size sdcard_led_switch.elf  |tee "sdcard_led_switch.elf.size"
   text	   data	    bss	    dec	    hex	filename
  51760	   1256	20996640	21049656	1413138	sdcard_led_switch.elf
'Finished building: sdcard_led_switch.elf.size'
' '
21:59:34 **** Incremental Build of configuration Debug for project sdcard_led_switch ****
make pre-build main-build 
a9-linaro-pre-build-step
' '
make: Nothing to be done for `main-build'.
